<?xml version="1.0" encoding="UTF-8"?>
<!-- Generated by org.testng.reporters.JUnitXMLReporter -->
<testsuite ignored="14" hostname="360NDCLP414" failures="0" tests="8" name="HomePage" time="1037.309" errors="0" timestamp="2023-09-20T23:17:33 IST">
  <testcase classname="homePage.VerifyFooterParamountLogo" name="verifyFooterLogo" time="38.373"/>
  <testcase classname="homePage.VerifyHomePage" name="homePage" time="42.863"/>
  <testcase classname="homePage.VerifyJustAddedBadge" name="verifyJustAddedBadge" time="96.96"/>
  <testcase classname="homePage.VerifyKeepWatchingCarousel" name="keepWatchingCarouserl" time="86.918"/>
  <testcase classname="homePage.VerifyNewBadge" name="verifyNewBadge" time="106.672"/>
  <testcase classname="homePage.VerifyMyListCarouselNotDisplayed" name="verifyNoMyListCarousel" time="151.504"/>
  <testcase classname="homePage.VerifyMyListCarouselDisplayed" name="verifyMyListCarouselIsDisplayed" time="399.054"/>
  <testcase classname="homePage.VerifyGoAddFreeCTA" name="verifyGoCommercialFreeCTA" time="43.452"/>
  <testcase classname="com.paramountplus.genericUtility.BaseClass" name="@BeforeSuite initialiseExtentReports" time="0.0">
    <ignored/>
  </testcase> <!-- @BeforeSuite initialiseExtentReports -->
  <testcase classname="com.paramountplus.genericUtility.BaseClass" name="@BeforeSuite initialiseExtentReports" time="0.0">
    <ignored/>
  </testcase> <!-- @BeforeSuite initialiseExtentReports -->
  <testcase classname="com.paramountplus.genericUtility.BaseClass" name="@BeforeSuite initialiseExtentReports" time="0.0">
    <ignored/>
  </testcase> <!-- @BeforeSuite initialiseExtentReports -->
  <testcase classname="com.paramountplus.genericUtility.BaseClass" name="@BeforeSuite initialiseExtentReports" time="0.0">
    <ignored/>
  </testcase> <!-- @BeforeSuite initialiseExtentReports -->
  <testcase classname="com.paramountplus.genericUtility.BaseClass" name="@BeforeSuite initialiseExtentReports" time="0.0">
    <ignored/>
  </testcase> <!-- @BeforeSuite initialiseExtentReports -->
  <testcase classname="com.paramountplus.genericUtility.BaseClass" name="@BeforeSuite initialiseExtentReports" time="0.0">
    <ignored/>
  </testcase> <!-- @BeforeSuite initialiseExtentReports -->
  <testcase classname="com.paramountplus.genericUtility.BaseClass" name="@BeforeSuite initialiseExtentReports" time="0.0">
    <ignored/>
  </testcase> <!-- @BeforeSuite initialiseExtentReports -->
  <testcase classname="com.paramountplus.genericUtility.BaseClass" name="@AfterSuite generateExtentReports" time="0.0">
    <ignored/>
  </testcase> <!-- @AfterSuite generateExtentReports -->
  <testcase classname="com.paramountplus.genericUtility.BaseClass" name="@AfterSuite generateExtentReports" time="0.0">
    <ignored/>
  </testcase> <!-- @AfterSuite generateExtentReports -->
  <testcase classname="com.paramountplus.genericUtility.BaseClass" name="@AfterSuite generateExtentReports" time="0.0">
    <ignored/>
  </testcase> <!-- @AfterSuite generateExtentReports -->
  <testcase classname="com.paramountplus.genericUtility.BaseClass" name="@AfterSuite generateExtentReports" time="0.0">
    <ignored/>
  </testcase> <!-- @AfterSuite generateExtentReports -->
  <testcase classname="com.paramountplus.genericUtility.BaseClass" name="@AfterSuite generateExtentReports" time="0.0">
    <ignored/>
  </testcase> <!-- @AfterSuite generateExtentReports -->
  <testcase classname="com.paramountplus.genericUtility.BaseClass" name="@AfterSuite generateExtentReports" time="0.0">
    <ignored/>
  </testcase> <!-- @AfterSuite generateExtentReports -->
  <testcase classname="com.paramountplus.genericUtility.BaseClass" name="@AfterSuite generateExtentReports" time="0.0">
    <ignored/>
  </testcase> <!-- @AfterSuite generateExtentReports -->
</testsuite> <!-- HomePage -->
