<?xml version="1.0" encoding="UTF-8"?>
<!-- Generated by org.testng.reporters.JUnitXMLReporter -->
<testsuite ignored="2" hostname="360NDCLP414" failures="0" tests="4" name="MoviesPage" time="159.6" errors="0" timestamp="2023-09-20T23:46:20 IST">
  <testcase classname="moviesPage.VerifyNonWatchlistSelectedMovie" name="verifyNonWatchlistSelectMovie" time="78.19"/>
  <testcase classname="moviesPage.VerifyNonWatchlistSelectedMovie" name="addMovieToMyList" time="1.11"/>
  <testcase classname="moviesPage.VerifyWatchlistSelectedMovie" name="verifyWatchlistSelectedMovie" time="60.797"/>
  <testcase classname="moviesPage.VerifyWatchlistSelectedMovie" name="removeMovieFromMyList" time="0.307"/>
  <testcase classname="com.paramountplus.genericUtility.BaseClass" name="@BeforeSuite initialiseExtentReports" time="0.0">
    <ignored/>
  </testcase> <!-- @BeforeSuite initialiseExtentReports -->
  <testcase classname="com.paramountplus.genericUtility.BaseClass" name="@AfterSuite generateExtentReports" time="0.0">
    <ignored/>
  </testcase> <!-- @AfterSuite generateExtentReports -->
</testsuite> <!-- MoviesPage -->
