<?xml version="1.0" encoding="UTF-8"?>
<!-- Generated by org.testng.reporters.JUnitXMLReporter -->
<testsuite ignored="8" hostname="360NDCLP414" failures="0" tests="5" name="myListPage" time="269.509" errors="0" timestamp="2023-06-02T00:55:02 IST">
  <testcase classname="myListPage.VerifyMyListShowsSelectedContent" name="VerifySelectedContentOnMyList" time="60.026"/>
  <testcase classname="myListPage.VerifyEditMyListContent" name="editMyList" time="38.934"/>
  <testcase classname="myListPage.VerifyRecentAdditionToMyList" name="verifyRecentAdditionToMylist" time="45.535"/>
  <testcase classname="myListPage.VerifyNonWatchlistSelectedShow" name="verifyNonWatchlistSelectedShow" time="42.002"/>
  <testcase classname="myListPage.VerifyWatchlistSelectedShow" name="verifyWatchlistSelectedShow" time="33.08"/>
  <testcase classname="com.paramountplus.genericUtility.BaseClass" name="@BeforeSuite initialiseExtentReports" time="0.0">
    <ignored/>
  </testcase> <!-- @BeforeSuite initialiseExtentReports -->
  <testcase classname="com.paramountplus.genericUtility.BaseClass" name="@BeforeSuite initialiseExtentReports" time="0.0">
    <ignored/>
  </testcase> <!-- @BeforeSuite initialiseExtentReports -->
  <testcase classname="com.paramountplus.genericUtility.BaseClass" name="@BeforeSuite initialiseExtentReports" time="0.0">
    <ignored/>
  </testcase> <!-- @BeforeSuite initialiseExtentReports -->
  <testcase classname="com.paramountplus.genericUtility.BaseClass" name="@BeforeSuite initialiseExtentReports" time="0.0">
    <ignored/>
  </testcase> <!-- @BeforeSuite initialiseExtentReports -->
  <testcase classname="com.paramountplus.genericUtility.BaseClass" name="@AfterSuite generateExtentReports" time="0.0">
    <ignored/>
  </testcase> <!-- @AfterSuite generateExtentReports -->
  <testcase classname="com.paramountplus.genericUtility.BaseClass" name="@AfterSuite generateExtentReports" time="0.0">
    <ignored/>
  </testcase> <!-- @AfterSuite generateExtentReports -->
  <testcase classname="com.paramountplus.genericUtility.BaseClass" name="@AfterSuite generateExtentReports" time="0.0">
    <ignored/>
  </testcase> <!-- @AfterSuite generateExtentReports -->
  <testcase classname="com.paramountplus.genericUtility.BaseClass" name="@AfterSuite generateExtentReports" time="0.0">
    <ignored/>
  </testcase> <!-- @AfterSuite generateExtentReports -->
</testsuite> <!-- myListPage -->
