<?xml version="1.0" encoding="UTF-8"?>
<!-- Generated by org.testng.reporters.JUnitXMLReporter -->
<testsuite ignored="10" hostname="360NDCLP414" failures="0" tests="11" name="NewAccount" time="289.641" errors="0" timestamp="2023-09-20T23:27:40 IST">
  <testcase classname="newAccount.VerifyPlanPage" name="planPage" time="6.943"/>
  <testcase classname="newAccount.VerifyMonthlyEssentialUserCreation" name="verifyMonthlyEssentialUserCreation" time="6.123"/>
  <testcase classname="newAccount.VerifyMonthlyEssentialUserCreation" name="makePayment" time="8.896"/>
  <testcase classname="newAccount.VerifyAnnualEssentialUserCreation" name="verifyAnnualEssentialUserCreation" time="5.774"/>
  <testcase classname="newAccount.VerifyAnnualEssentialUserCreation" name="makePayment" time="8.984"/>
  <testcase classname="newAccount.VerifyMonthlyPremiumUserCreation" name="verifyMonthlyPremiumUserCreation" time="5.175"/>
  <testcase classname="newAccount.VerifyMonthlyPremiumUserCreation" name="makePayment" time="8.495"/>
  <testcase classname="newAccount.VerifyAnnualPremiumUserCreation" name="verifyAnnualPremiumUserCreation" time="6.25"/>
  <testcase classname="newAccount.VerifyAnnualPremiumUserCreation" name="makePayment" time="8.974"/>
  <testcase classname="newAccount.VerifyShowpickerForNewProfile" name="verifyShowpickerForNewProfile" time="91.273"/>
  <testcase classname="newAccount.VerifyShowpickerForNewProfile" name="verifyShowpickerForNewProfile" time="82.482"/>
  <testcase classname="com.paramountplus.genericUtility.BaseClass" name="@BeforeSuite initialiseExtentReports" time="0.0">
    <ignored/>
  </testcase> <!-- @BeforeSuite initialiseExtentReports -->
  <testcase classname="com.paramountplus.genericUtility.BaseClass" name="@BeforeSuite initialiseExtentReports" time="0.0">
    <ignored/>
  </testcase> <!-- @BeforeSuite initialiseExtentReports -->
  <testcase classname="com.paramountplus.genericUtility.BaseClass" name="@BeforeSuite initialiseExtentReports" time="0.0">
    <ignored/>
  </testcase> <!-- @BeforeSuite initialiseExtentReports -->
  <testcase classname="com.paramountplus.genericUtility.BaseClass" name="@BeforeSuite initialiseExtentReports" time="0.0">
    <ignored/>
  </testcase> <!-- @BeforeSuite initialiseExtentReports -->
  <testcase classname="com.paramountplus.genericUtility.BaseClass" name="@BeforeSuite initialiseExtentReports" time="0.0">
    <ignored/>
  </testcase> <!-- @BeforeSuite initialiseExtentReports -->
  <testcase classname="com.paramountplus.genericUtility.BaseClass" name="@AfterSuite generateExtentReports" time="0.0">
    <ignored/>
  </testcase> <!-- @AfterSuite generateExtentReports -->
  <testcase classname="com.paramountplus.genericUtility.BaseClass" name="@AfterSuite generateExtentReports" time="0.0">
    <ignored/>
  </testcase> <!-- @AfterSuite generateExtentReports -->
  <testcase classname="com.paramountplus.genericUtility.BaseClass" name="@AfterSuite generateExtentReports" time="0.0">
    <ignored/>
  </testcase> <!-- @AfterSuite generateExtentReports -->
  <testcase classname="com.paramountplus.genericUtility.BaseClass" name="@AfterSuite generateExtentReports" time="0.0">
    <ignored/>
  </testcase> <!-- @AfterSuite generateExtentReports -->
  <testcase classname="com.paramountplus.genericUtility.BaseClass" name="@AfterSuite generateExtentReports" time="0.0">
    <ignored/>
  </testcase> <!-- @AfterSuite generateExtentReports -->
</testsuite> <!-- NewAccount -->
