<?xml version="1.0" encoding="UTF-8"?>
<!-- Generated by org.testng.reporters.JUnitXMLReporter -->
<testsuite ignored="2" hostname="360NDCLP414" failures="0" tests="2" name="SearchResult" time="151.705" errors="0" timestamp="2023-06-16T23:21:29 IST">
  <testcase classname="searchResult.VerifyPreSearchPlaceholder" name="preSearchPlaceholder" time="62.992"/>
  <testcase classname="searchResult.VerifySearchResult" name="performSearchAndVerifyResult" time="66.376"/>
  <testcase classname="com.paramountplus.genericUtility.BaseClass" name="@BeforeSuite initialiseExtentReports" time="0.0">
    <ignored/>
  </testcase> <!-- @BeforeSuite initialiseExtentReports -->
  <testcase classname="com.paramountplus.genericUtility.BaseClass" name="@AfterSuite generateExtentReports" time="0.0">
    <ignored/>
  </testcase> <!-- @AfterSuite generateExtentReports -->
</testsuite> <!-- SearchResult -->
