<?xml version="1.0" encoding="UTF-8"?>
<!-- Generated by org.testng.reporters.JUnitXMLReporter -->
<testsuite ignored="2" hostname="360NDCLP414" failures="0" tests="2" name="searchResult" time="128.622" errors="0" timestamp="2023-06-02T00:57:58 IST">
  <testcase classname="searchResult.VerifyPreSearchPlaceholder" name="preSearchPlaceholder" time="31.509"/>
  <testcase classname="searchResult.VerifySearchResult" name="performSearchAndVerifyResult" time="78.94"/>
  <testcase classname="com.paramountplus.genericUtility.BaseClass" name="@BeforeSuite initialiseExtentReports" time="0.0">
    <ignored/>
  </testcase> <!-- @BeforeSuite initialiseExtentReports -->
  <testcase classname="com.paramountplus.genericUtility.BaseClass" name="@AfterSuite generateExtentReports" time="0.0">
    <ignored/>
  </testcase> <!-- @AfterSuite generateExtentReports -->
</testsuite> <!-- searchResult -->
