<?xml version="1.0" encoding="UTF-8"?>
<!-- Generated by org.testng.reporters.JUnitXMLReporter -->
<testsuite ignored="2" hostname="360NDCLP414" failures="0" tests="2" name="upsellPage" time="24.333" errors="0" timestamp="2023-06-02T00:59:04 IST">
  <testcase classname="upsellPage.VerifySignInCTA" name="signInCTA" time="0.068"/>
  <testcase classname="upsellPage.VerifyStudentsUpsellCopy" name="verifySudentUpsellCopy" time="5.756"/>
  <testcase classname="com.paramountplus.genericUtility.BaseClass" name="@BeforeSuite initialiseExtentReports" time="0.0">
    <ignored/>
  </testcase> <!-- @BeforeSuite initialiseExtentReports -->
  <testcase classname="com.paramountplus.genericUtility.BaseClass" name="@AfterSuite generateExtentReports" time="0.0">
    <ignored/>
  </testcase> <!-- @AfterSuite generateExtentReports -->
</testsuite> <!-- upsellPage -->
