<?xml version="1.0" encoding="UTF-8"?>
<!-- Generated by org.testng.reporters.JUnitXMLReporter -->
<testsuite ignored="2" hostname="360NDCLP414" failures="0" tests="2" name="UpsellPage" time="33.349" errors="0" timestamp="2023-06-08T03:50:49 IST">
  <testcase classname="upsellPage.VerifySignInCTA" name="signInCTA" time="0.064"/>
  <testcase classname="upsellPage.VerifyStudentsUpsellCopy" name="verifySudentUpsellCopy" time="5.345"/>
  <testcase classname="com.paramountplus.genericUtility.BaseClass" name="@BeforeSuite initialiseExtentReports" time="0.0">
    <ignored/>
  </testcase> <!-- @BeforeSuite initialiseExtentReports -->
  <testcase classname="com.paramountplus.genericUtility.BaseClass" name="@AfterSuite generateExtentReports" time="0.0">
    <ignored/>
  </testcase> <!-- @AfterSuite generateExtentReports -->
</testsuite> <!-- UpsellPage -->
