<?xml version="1.0" encoding="UTF-8"?>
<!-- Generated by org.testng.reporters.JUnitXMLReporter -->
<testsuite ignored="0" hostname="360NDCLP414" failures="1" tests="1" name="HomePage" time="158.468" errors="0" timestamp="2023-05-31T07:22:24 IST">
  <testcase classname="homePage.VerifyNewBadge" name="verifyNewBadge" time="146.828">
    <failure type="java.lang.AssertionError" message="expected [false] but found [true]">
      <![CDATA[java.lang.AssertionError: expected [false] but found [true]
at homePage.VerifyNewBadge.verifyNewBadge(VerifyNewBadge.java:30)
at java.base/java.util.ArrayList.forEach(ArrayList.java:1511)
... Removed 31 stack frames]]>
    </failure>
  </testcase> <!-- verifyNewBadge -->
</testsuite> <!-- HomePage -->
