<?xml version="1.0" encoding="UTF-8"?>
<!-- Generated by org.testng.reporters.JUnitXMLReporter -->
<testsuite ignored="4" hostname="360NDCLP414" failures="0" tests="4" name="MyListPage" time="451.904" errors="0" timestamp="2023-08-22T16:06:10 IST">
  <testcase classname="myListPage.VerifyMyListShowsSelectedContent" name="VerifySelectedContentOnMyList" time="79.453"/>
  <testcase classname="myListPage.VerifyEditMyListContent" name="editMyList" time="53.75"/>
  <testcase classname="myListPage.VerifyEditMyListContent" name="verifyEmptyMyList" time="0.022"/>
  <testcase classname="myListPage.VerifyRecentAdditionToMyList" name="verifyRecentAdditionToMylist" time="182.762"/>
  <testcase classname="com.paramountplus.genericUtility.BaseClass" name="@BeforeSuite initialiseExtentReports" time="0.0">
    <ignored/>
  </testcase> <!-- @BeforeSuite initialiseExtentReports -->
  <testcase classname="com.paramountplus.genericUtility.BaseClass" name="@BeforeSuite initialiseExtentReports" time="0.0">
    <ignored/>
  </testcase> <!-- @BeforeSuite initialiseExtentReports -->
  <testcase classname="com.paramountplus.genericUtility.BaseClass" name="@AfterSuite generateExtentReports" time="0.0">
    <ignored/>
  </testcase> <!-- @AfterSuite generateExtentReports -->
  <testcase classname="com.paramountplus.genericUtility.BaseClass" name="@AfterSuite generateExtentReports" time="0.0">
    <ignored/>
  </testcase> <!-- @AfterSuite generateExtentReports -->
</testsuite> <!-- MyListPage -->
