<?xml version="1.0" encoding="UTF-8"?>
<!-- Generated by org.testng.reporters.JUnitXMLReporter -->
<testsuite ignored="0" hostname="360NDCLP414" failures="1" tests="1" name="SeachResult" time="323.44" errors="0" timestamp="2023-08-12T00:12:00 IST">
  <testcase classname="searchResult.VerifySearchResult" name="performSearchAndVerifyResult" time="309.33">
    <failure type="org.openqa.selenium.ElementClickInterceptedException" message="element click intercepted: Element &amp;lt;a href=&amp;quot;/search/&amp;quot; class=&amp;quot;icon search&amp;quot; aria-label=&amp;quot;Search&amp;quot; aa-link=&amp;quot;global header||search|||||||||||||||||&amp;quot;&amp;gt;&amp;lt;/a&amp;gt; is not clickable at point (669, 28). Other element would receive the click: &amp;lt;div class=&amp;quot;main-overlay padded-container whoswatching&amp;quot;&amp;gt;...&amp;lt;/div&amp;gt;
  (Session info: chrome=115.0.5790.171)
Build info: version: &amp;apos;4.10.0&amp;apos;, revision: &amp;apos;c14d967899&amp;apos;
System info: os.name: &amp;apos;Windows 11&amp;apos;, os.arch: &amp;apos;amd64&amp;apos;, os.version: &amp;apos;10.0&amp;apos;, java.version: &amp;apos;17.0.6&amp;apos;
Driver info: org.openqa.selenium.chrome.ChromeDriver
Command: [03c623568aa32ca7e1b3194e347aab83, clickElement {id=C5FD5887D822FA1958919D03A347A201_element_67}]
Capabilities {acceptInsecureCerts: false, browserName: chrome, browserVersion: 115.0.5790.171, chrome: {chromedriverVersion: 114.0.5735.90 (386bc09e8f4f..., userDataDir: C:\Users\RAHULR~1.360\AppDa...}, goog:chromeOptions: {debuggerAddress: localhost:52327}, networkConnectionEnabled: false, pageLoadStrategy: normal, platformName: windows, proxy: Proxy(), se:cdp: ws://localhost:52327/devtoo..., se:cdpVersion: 115.0.5790.171, setWindowRect: true, strictFileInteractability: false, timeouts: {implicit: 0, pageLoad: 300000, script: 30000}, unhandledPromptBehavior: dismiss and notify, webauthn:extension:credBlob: true, webauthn:extension:largeBlob: true, webauthn:extension:minPinLength: true, webauthn:extension:prf: true, webauthn:virtualAuthenticators: true}
Element: [[ChromeDriver: chrome on windows (03c623568aa32ca7e1b3194e347aab83)] -&amp;gt; xpath: //a[@aria-label=&amp;apos;Search&amp;apos;]]
Session ID: 03c623568aa32ca7e1b3194e347aab83">
      <![CDATA[org.openqa.selenium.ElementClickInterceptedException: element click intercepted: Element <a href="/search/" class="icon search" aria-label="Search" aa-link="global header||search|||||||||||||||||"></a> is not clickable at point (669, 28). Other element would receive the click: <div class="main-overlay padded-container whoswatching">...</div>
  (Session info: chrome=115.0.5790.171)
Build info: version: '4.10.0', revision: 'c14d967899'
System info: os.name: 'Windows 11', os.arch: 'amd64', os.version: '10.0', java.version: '17.0.6'
Driver info: org.openqa.selenium.chrome.ChromeDriver
Command: [03c623568aa32ca7e1b3194e347aab83, clickElement {id=C5FD5887D822FA1958919D03A347A201_element_67}]
Capabilities {acceptInsecureCerts: false, browserName: chrome, browserVersion: 115.0.5790.171, chrome: {chromedriverVersion: 114.0.5735.90 (386bc09e8f4f..., userDataDir: C:\Users\RAHULR~1.360\AppDa...}, goog:chromeOptions: {debuggerAddress: localhost:52327}, networkConnectionEnabled: false, pageLoadStrategy: normal, platformName: windows, proxy: Proxy(), se:cdp: ws://localhost:52327/devtoo..., se:cdpVersion: 115.0.5790.171, setWindowRect: true, strictFileInteractability: false, timeouts: {implicit: 0, pageLoad: 300000, script: 30000}, unhandledPromptBehavior: dismiss and notify, webauthn:extension:credBlob: true, webauthn:extension:largeBlob: true, webauthn:extension:minPinLength: true, webauthn:extension:prf: true, webauthn:virtualAuthenticators: true}
Element: [[ChromeDriver: chrome on windows (03c623568aa32ca7e1b3194e347aab83)] -> xpath: //a[@aria-label='Search']]
Session ID: 03c623568aa32ca7e1b3194e347aab83
at org.openqa.selenium.remote.codec.w3c.W3CHttpResponseCodec.createException(W3CHttpResponseCodec.java:199)
at org.openqa.selenium.remote.codec.w3c.W3CHttpResponseCodec.decode(W3CHttpResponseCodec.java:132)
at org.openqa.selenium.remote.codec.w3c.W3CHttpResponseCodec.decode(W3CHttpResponseCodec.java:51)
at org.openqa.selenium.remote.HttpCommandExecutor.execute(HttpCommandExecutor.java:191)
at org.openqa.selenium.remote.service.DriverCommandExecutor.invokeExecute(DriverCommandExecutor.java:196)
at org.openqa.selenium.remote.service.DriverCommandExecutor.execute(DriverCommandExecutor.java:171)
at org.openqa.selenium.remote.RemoteWebDriver.execute(RemoteWebDriver.java:531)
at org.openqa.selenium.remote.RemoteWebElement.execute(RemoteWebElement.java:242)
at org.openqa.selenium.remote.RemoteWebElement.click(RemoteWebElement.java:77)
at org.openqa.selenium.support.pagefactory.internal.LocatingElementHandler.invoke(LocatingElementHandler.java:51)
at jdk.proxy2/jdk.proxy2.$Proxy33.click(Unknown Source)
at searchResult.VerifySearchResult.performSearchAndVerifyResult(VerifySearchResult.java:31)
at java.base/java.util.ArrayList.forEach(ArrayList.java:1511)
... Removed 36 stack frames]]>
    </failure>
  </testcase> <!-- performSearchAndVerifyResult -->
</testsuite> <!-- SeachResult -->
