<?xml version="1.0" encoding="UTF-8"?>
<!-- Generated by org.testng.reporters.JUnitXMLReporter -->
<testsuite ignored="2" hostname="360NDCLP414" failures="0" tests="2" name="UserProfile" time="186.247" errors="0" timestamp="2023-06-08T02:18:52 IST">
  <testcase classname="userProfile.VerifyNewProfileShowPicker" name="newProfileShowPicker" time="130.205"/>
  <testcase classname="userProfile.VerifyDeleteNewProfile" name="deleteNewProfile" time="35.455"/>
  <testcase classname="com.paramountplus.genericUtility.BaseClass" name="@BeforeSuite initialiseExtentReports" time="0.0">
    <ignored/>
  </testcase> <!-- @BeforeSuite initialiseExtentReports -->
  <testcase classname="com.paramountplus.genericUtility.BaseClass" name="@AfterSuite generateExtentReports" time="0.0">
    <ignored/>
  </testcase> <!-- @AfterSuite generateExtentReports -->
</testsuite> <!-- UserProfile -->
