<?xml version="1.0" encoding="UTF-8"?>
<testng-results ignored="64" total="120" passed="45" failed="11" skipped="0">
  <reporter-output>
    <line>
      <![CDATA[Started- HomePage]]>
    </line>
    <line>
      <![CDATA[Test started- verifyFooterLogo]]>
    </line>
    <line>
      <![CDATA[Test completed successfully- verifyFooterLogo]]>
    </line>
    <line>
      <![CDATA[Test started- homePage]]>
    </line>
    <line>
      <![CDATA[Test completed successfully- homePage]]>
    </line>
    <line>
      <![CDATA[Test started- verifyJustAddedBadge]]>
    </line>
    <line>
      <![CDATA[Test completed successfully- verifyJustAddedBadge]]>
    </line>
    <line>
      <![CDATA[Test started- keepWatchingCarouserl]]>
    </line>
    <line>
      <![CDATA[Test completed successfully- keepWatchingCarouserl]]>
    </line>
    <line>
      <![CDATA[Test started- verifyNewBadge]]>
    </line>
    <line>
      <![CDATA[Test completed successfully- verifyNewBadge]]>
    </line>
    <line>
      <![CDATA[Test started- verifyNoMyListCarousel]]>
    </line>
    <line>
      <![CDATA[Test completed successfully- verifyNoMyListCarousel]]>
    </line>
    <line>
      <![CDATA[Test started- verifyMyListCarouselIsDisplayed]]>
    </line>
    <line>
      <![CDATA[Test completed successfully- verifyMyListCarouselIsDisplayed]]>
    </line>
    <line>
      <![CDATA[Test started- verifyGoCommercialFreeCTA]]>
    </line>
    <line>
      <![CDATA[Test completed successfully- verifyGoCommercialFreeCTA]]>
    </line>
    <line>
      <![CDATA[Finished- HomePage]]>
    </line>
    <line>
      <![CDATA[Started- MyListPage]]>
    </line>
    <line>
      <![CDATA[Test started- VerifySelectedContentOnMyList]]>
    </line>
    <line>
      <![CDATA[Test failed- VerifySelectedContentOnMyList]]>
    </line>
    <line>
      <![CDATA[Screenshot saved successfully]]>
    </line>
    <line>
      <![CDATA[Test started- editMyList]]>
    </line>
    <line>
      <![CDATA[Test failed- editMyList]]>
    </line>
    <line>
      <![CDATA[Screenshot saved successfully]]>
    </line>
    <line>
      <![CDATA[Test started- verifyEmptyMyList]]>
    </line>
    <line>
      <![CDATA[Test completed successfully- verifyEmptyMyList]]>
    </line>
    <line>
      <![CDATA[Test started- verifyRecentAdditionToMylist]]>
    </line>
    <line>
      <![CDATA[Test failed- verifyRecentAdditionToMylist]]>
    </line>
    <line>
      <![CDATA[Screenshot saved successfully]]>
    </line>
    <line>
      <![CDATA[Finished- MyListPage]]>
    </line>
    <line>
      <![CDATA[Started- NewAccount]]>
    </line>
    <line>
      <![CDATA[Test started- planPage]]>
    </line>
    <line>
      <![CDATA[Test completed successfully- planPage]]>
    </line>
    <line>
      <![CDATA[Test started- verifyMonthlyEssentialUserCreation]]>
    </line>
    <line>
      <![CDATA[Test completed successfully- verifyMonthlyEssentialUserCreation]]>
    </line>
    <line>
      <![CDATA[Test started- makePayment]]>
    </line>
    <line>
      <![CDATA[Test completed successfully- makePayment]]>
    </line>
    <line>
      <![CDATA[Test started- verifyAnnualEssentialUserCreation]]>
    </line>
    <line>
      <![CDATA[Test completed successfully- verifyAnnualEssentialUserCreation]]>
    </line>
    <line>
      <![CDATA[Test started- makePayment]]>
    </line>
    <line>
      <![CDATA[Test completed successfully- makePayment]]>
    </line>
    <line>
      <![CDATA[Test started- verifyMonthlyPremiumUserCreation]]>
    </line>
    <line>
      <![CDATA[Test completed successfully- verifyMonthlyPremiumUserCreation]]>
    </line>
    <line>
      <![CDATA[Test started- makePayment]]>
    </line>
    <line>
      <![CDATA[Test completed successfully- makePayment]]>
    </line>
    <line>
      <![CDATA[Test started- verifyAnnualPremiumUserCreation]]>
    </line>
    <line>
      <![CDATA[Test completed successfully- verifyAnnualPremiumUserCreation]]>
    </line>
    <line>
      <![CDATA[Test started- makePayment]]>
    </line>
    <line>
      <![CDATA[Test completed successfully- makePayment]]>
    </line>
    <line>
      <![CDATA[Test started- verifyShowpickerForNewProfile]]>
    </line>
    <line>
      <![CDATA[Test completed successfully- verifyShowpickerForNewProfile]]>
    </line>
    <line>
      <![CDATA[Test started- verifyShowpickerForNewProfile]]>
    </line>
    <line>
      <![CDATA[Test completed successfully- verifyShowpickerForNewProfile]]>
    </line>
    <line>
      <![CDATA[Finished- NewAccount]]>
    </line>
    <line>
      <![CDATA[Started- SearchResult]]>
    </line>
    <line>
      <![CDATA[Test started- preSearchPlaceholder]]>
    </line>
    <line>
      <![CDATA[Test completed successfully- preSearchPlaceholder]]>
    </line>
    <line>
      <![CDATA[Test started- performSearchAndVerifyResult]]>
    </line>
    <line>
      <![CDATA[Test completed successfully- performSearchAndVerifyResult]]>
    </line>
    <line>
      <![CDATA[Finished- SearchResult]]>
    </line>
    <line>
      <![CDATA[Started- ShowsPage]]>
    </line>
    <line>
      <![CDATA[Test started- verifyKidsCategoryPosition]]>
    </line>
    <line>
      <![CDATA[Test failed- verifyKidsCategoryPosition]]>
    </line>
    <line>
      <![CDATA[Screenshot saved successfully]]>
    </line>
    <line>
      <![CDATA[Test started- verifyNonWatchlistSelectedShow]]>
    </line>
    <line>
      <![CDATA[Test completed successfully- verifyNonWatchlistSelectedShow]]>
    </line>
    <line>
      <![CDATA[Test started- addShowToMyList]]>
    </line>
    <line>
      <![CDATA[Test completed successfully- addShowToMyList]]>
    </line>
    <line>
      <![CDATA[Test started- verifyWatchlistSelectedShow]]>
    </line>
    <line>
      <![CDATA[Test completed successfully- verifyWatchlistSelectedShow]]>
    </line>
    <line>
      <![CDATA[Test started- removeShowFromMyList]]>
    </line>
    <line>
      <![CDATA[Test completed successfully- removeShowFromMyList]]>
    </line>
    <line>
      <![CDATA[Test started- verifyShowPageRainmaker]]>
    </line>
    <line>
      <![CDATA[Test failed- verifyShowPageRainmaker]]>
    </line>
    <line>
      <![CDATA[Screenshot saved successfully]]>
    </line>
    <line>
      <![CDATA[Test started- navigateToShowsPage]]>
    </line>
    <line>
      <![CDATA[Test completed successfully- navigateToShowsPage]]>
    </line>
    <line>
      <![CDATA[Test started- verifyRainmaker]]>
    </line>
    <line>
      <![CDATA[Test failed- verifyRainmaker]]>
    </line>
    <line>
      <![CDATA[Screenshot saved successfully]]>
    </line>
    <line>
      <![CDATA[Test started- clickOnDismissButton]]>
    </line>
    <line>
      <![CDATA[Test failed- clickOnDismissButton]]>
    </line>
    <line>
      <![CDATA[Screenshot saved successfully]]>
    </line>
    <line>
      <![CDATA[Test started- verifyTryItFreeCTA]]>
    </line>
    <line>
      <![CDATA[Test completed successfully- verifyTryItFreeCTA]]>
    </line>
    <line>
      <![CDATA[Test started- verifyHideRainmaker]]>
    </line>
    <line>
      <![CDATA[Test failed- verifyHideRainmaker]]>
    </line>
    <line>
      <![CDATA[Screenshot saved successfully]]>
    </line>
    <line>
      <![CDATA[Test started- verifyToolTips]]>
    </line>
    <line>
      <![CDATA[Test failed- verifyToolTips]]>
    </line>
    <line>
      <![CDATA[Screenshot saved successfully]]>
    </line>
    <line>
      <![CDATA[Test started- verifyLockedEpisodes]]>
    </line>
    <line>
      <![CDATA[Test completed successfully- verifyLockedEpisodes]]>
    </line>
    <line>
      <![CDATA[Finished- ShowsPage]]>
    </line>
    <line>
      <![CDATA[Started- MoviesPage]]>
    </line>
    <line>
      <![CDATA[Test started- verifyNonWatchlistSelectMovie]]>
    </line>
    <line>
      <![CDATA[Test completed successfully- verifyNonWatchlistSelectMovie]]>
    </line>
    <line>
      <![CDATA[Test started- addMovieToMyList]]>
    </line>
    <line>
      <![CDATA[Test completed successfully- addMovieToMyList]]>
    </line>
    <line>
      <![CDATA[Test started- verifyWatchlistSelectedMovie]]>
    </line>
    <line>
      <![CDATA[Test completed successfully- verifyWatchlistSelectedMovie]]>
    </line>
    <line>
      <![CDATA[Test started- removeMovieFromMyList]]>
    </line>
    <line>
      <![CDATA[Test completed successfully- removeMovieFromMyList]]>
    </line>
    <line>
      <![CDATA[Finished- MoviesPage]]>
    </line>
    <line>
      <![CDATA[Started- UpsellPage]]>
    </line>
    <line>
      <![CDATA[Test started- signInCTA]]>
    </line>
    <line>
      <![CDATA[Test completed successfully- signInCTA]]>
    </line>
    <line>
      <![CDATA[Test started- verifySudentUpsellCopy]]>
    </line>
    <line>
      <![CDATA[Test completed successfully- verifySudentUpsellCopy]]>
    </line>
    <line>
      <![CDATA[Test started- verifyUpsellPage]]>
    </line>
    <line>
      <![CDATA[Test completed successfully- verifyUpsellPage]]>
    </line>
    <line>
      <![CDATA[Test started- verifyUpsellPage]]>
    </line>
    <line>
      <![CDATA[Test completed successfully- verifyUpsellPage]]>
    </line>
    <line>
      <![CDATA[Finished- UpsellPage]]>
    </line>
    <line>
      <![CDATA[Started- UserProfile]]>
    </line>
    <line>
      <![CDATA[Test started- verifyAdultUserProfilePicker]]>
    </line>
    <line>
      <![CDATA[Test completed successfully- verifyAdultUserProfilePicker]]>
    </line>
    <line>
      <![CDATA[Test started- verifyKidsUserProfilePicker]]>
    </line>
    <line>
      <![CDATA[Test completed successfully- verifyKidsUserProfilePicker]]>
    </line>
    <line>
      <![CDATA[Test started- newProfileShowPicker]]>
    </line>
    <line>
      <![CDATA[Test completed successfully- newProfileShowPicker]]>
    </line>
    <line>
      <![CDATA[Test started- deleteNewProfile]]>
    </line>
    <line>
      <![CDATA[Test completed successfully- deleteNewProfile]]>
    </line>
    <line>
      <![CDATA[Test started- noShowPickerForKidsProfile]]>
    </line>
    <line>
      <![CDATA[Test completed successfully- noShowPickerForKidsProfile]]>
    </line>
    <line>
      <![CDATA[Test started- deleteKidsUserProfile]]>
    </line>
    <line>
      <![CDATA[Test completed successfully- deleteKidsUserProfile]]>
    </line>
    <line>
      <![CDATA[Test started- VerifyProfileLengthOnShowPicker]]>
    </line>
    <line>
      <![CDATA[Test completed successfully- VerifyProfileLengthOnShowPicker]]>
    </line>
    <line>
      <![CDATA[Test started- deleteProfile]]>
    </line>
    <line>
      <![CDATA[Test completed successfully- deleteProfile]]>
    </line>
    <line>
      <![CDATA[Test started- verifyNameAndSelectedIconOnShowPicker]]>
    </line>
    <line>
      <![CDATA[Test failed- verifyNameAndSelectedIconOnShowPicker]]>
    </line>
    <line>
      <![CDATA[Screenshot saved successfully]]>
    </line>
    <line>
      <![CDATA[Test started- deleteProfile]]>
    </line>
    <line>
      <![CDATA[Test failed- deleteProfile]]>
    </line>
    <line>
      <![CDATA[Screenshot saved successfully]]>
    </line>
  </reporter-output>
  <suite started-at="2023-09-20T23:00:16 IST" name="AllTest" finished-at="2023-09-21T00:00:50 IST" duration-ms="3634072">
    <groups>
      <group name="Regression">
        <method signature="VerifyFooterParamountLogo.verifyFooterLogo()[pri:0, instance:homePage.VerifyFooterParamountLogo@38cee291]" name="verifyFooterLogo" class="homePage.VerifyFooterParamountLogo"/>
        <method signature="VerifyJustAddedBadge.verifyJustAddedBadge()[pri:0, instance:homePage.VerifyJustAddedBadge@6574a52c]" name="verifyJustAddedBadge" class="homePage.VerifyJustAddedBadge"/>
        <method signature="VerifyKeepWatchingCarousel.keepWatchingCarouserl()[pri:0, instance:homePage.VerifyKeepWatchingCarousel@6c1a5b54]" name="keepWatchingCarouserl" class="homePage.VerifyKeepWatchingCarousel"/>
        <method signature="VerifyMyListCarouselDisplayed.verifyMyListCarouselIsDisplayed()[pri:0, instance:homePage.VerifyMyListCarouselDisplayed@20140db9]" name="verifyMyListCarouselIsDisplayed" class="homePage.VerifyMyListCarouselDisplayed"/>
        <method signature="VerifyMyListCarouselNotDisplayed.verifyNoMyListCarousel()[pri:0, instance:homePage.VerifyMyListCarouselNotDisplayed@60099951]" name="verifyNoMyListCarousel" class="homePage.VerifyMyListCarouselNotDisplayed"/>
        <method signature="VerifyNewBadge.verifyNewBadge()[pri:0, instance:homePage.VerifyNewBadge@1c7696c6]" name="verifyNewBadge" class="homePage.VerifyNewBadge"/>
        <method signature="VerifyPreSearchPlaceholder.preSearchPlaceholder()[pri:0, instance:searchResult.VerifyPreSearchPlaceholder@1caa0244]" name="preSearchPlaceholder" class="searchResult.VerifyPreSearchPlaceholder"/>
        <method signature="VerifySearchResult.performSearchAndVerifyResult()[pri:0, instance:searchResult.VerifySearchResult@7ce026d3]" name="performSearchAndVerifyResult" class="searchResult.VerifySearchResult"/>
        <method signature="VerifyKidsCategoryPosition.verifyKidsCategoryPosition()[pri:0, instance:showsPage.VerifyKidsCategoryPosition@7188af83]" name="verifyKidsCategoryPosition" class="showsPage.VerifyKidsCategoryPosition"/>
        <method signature="VerifyToolTipsOnShowDetailPage.verifyToolTips()[pri:0, instance:showsPage.VerifyToolTipsOnShowDetailPage@76494737]" name="verifyToolTips" class="showsPage.VerifyToolTipsOnShowDetailPage"/>
        <method signature="VerifySignInCTA.signInCTA()[pri:0, instance:upsellPage.VerifySignInCTA@3f4faf53]" name="signInCTA" class="upsellPage.VerifySignInCTA"/>
        <method signature="VerifyStudentsUpsellCopy.verifySudentUpsellCopy()[pri:0, instance:upsellPage.VerifyStudentsUpsellCopy@7fd50002]" name="verifySudentUpsellCopy" class="upsellPage.VerifyStudentsUpsellCopy"/>
      </group> <!-- Regression -->
      <group name="Smoke, Regression">
        <method signature="VerifyProfileNameCappedAt16Chars.VerifyProfileLengthOnShowPicker()[pri:1, instance:userProfile.VerifyProfileNameCappedAt16Chars@4007f65e]" name="VerifyProfileLengthOnShowPicker" class="userProfile.VerifyProfileNameCappedAt16Chars"/>
      </group> <!-- Smoke, Regression -->
      <group name="Smoke">
        <method signature="VerifyFooterParamountLogo.verifyFooterLogo()[pri:0, instance:homePage.VerifyFooterParamountLogo@38cee291]" name="verifyFooterLogo" class="homePage.VerifyFooterParamountLogo"/>
        <method signature="VerifyGoAddFreeCTA.verifyGoCommercialFreeCTA()[pri:0, instance:homePage.VerifyGoAddFreeCTA@1a6d8329]" name="verifyGoCommercialFreeCTA" class="homePage.VerifyGoAddFreeCTA"/>
        <method signature="VerifyHomePage.homePage()[pri:0, instance:homePage.VerifyHomePage@1ffaf86]" name="homePage" class="homePage.VerifyHomePage"/>
        <method signature="VerifyJustAddedBadge.verifyJustAddedBadge()[pri:0, instance:homePage.VerifyJustAddedBadge@6574a52c]" name="verifyJustAddedBadge" class="homePage.VerifyJustAddedBadge"/>
        <method signature="VerifyKeepWatchingCarousel.keepWatchingCarouserl()[pri:0, instance:homePage.VerifyKeepWatchingCarousel@6c1a5b54]" name="keepWatchingCarouserl" class="homePage.VerifyKeepWatchingCarousel"/>
        <method signature="VerifyMyListCarouselDisplayed.verifyMyListCarouselIsDisplayed()[pri:0, instance:homePage.VerifyMyListCarouselDisplayed@20140db9]" name="verifyMyListCarouselIsDisplayed" class="homePage.VerifyMyListCarouselDisplayed"/>
        <method signature="VerifyMyListCarouselNotDisplayed.verifyNoMyListCarousel()[pri:0, instance:homePage.VerifyMyListCarouselNotDisplayed@60099951]" name="verifyNoMyListCarousel" class="homePage.VerifyMyListCarouselNotDisplayed"/>
        <method signature="VerifyNewBadge.verifyNewBadge()[pri:0, instance:homePage.VerifyNewBadge@1c7696c6]" name="verifyNewBadge" class="homePage.VerifyNewBadge"/>
        <method signature="VerifyEditMyListContent.editMyList()[pri:1, instance:myListPage.VerifyEditMyListContent@4be29ed9]" name="editMyList" class="myListPage.VerifyEditMyListContent"/>
        <method signature="VerifyMyListShowsSelectedContent.VerifySelectedContentOnMyList()[pri:0, instance:myListPage.VerifyMyListShowsSelectedContent@3a7442c7]" name="VerifySelectedContentOnMyList" class="myListPage.VerifyMyListShowsSelectedContent"/>
        <method signature="VerifyRecentAdditionToMyList.verifyRecentAdditionToMylist()[pri:0, instance:myListPage.VerifyRecentAdditionToMyList@548d708a]" name="verifyRecentAdditionToMylist" class="myListPage.VerifyRecentAdditionToMyList"/>
        <method signature="VerifyAnnualEssentialUserCreation.makePayment()[pri:2, instance:newAccount.VerifyAnnualEssentialUserCreation@645aa696]" name="makePayment" class="newAccount.VerifyAnnualEssentialUserCreation"/>
        <method signature="VerifyAnnualEssentialUserCreation.verifyAnnualEssentialUserCreation()[pri:1, instance:newAccount.VerifyAnnualEssentialUserCreation@645aa696]" name="verifyAnnualEssentialUserCreation" class="newAccount.VerifyAnnualEssentialUserCreation"/>
        <method signature="VerifyAnnualPremiumUserCreation.makePayment()[pri:2, instance:newAccount.VerifyAnnualPremiumUserCreation@413d1baf]" name="makePayment" class="newAccount.VerifyAnnualPremiumUserCreation"/>
        <method signature="VerifyAnnualPremiumUserCreation.verifyAnnualPremiumUserCreation()[pri:1, instance:newAccount.VerifyAnnualPremiumUserCreation@413d1baf]" name="verifyAnnualPremiumUserCreation" class="newAccount.VerifyAnnualPremiumUserCreation"/>
        <method signature="VerifyMonthlyEssentialUserCreation.makePayment()[pri:2, instance:newAccount.VerifyMonthlyEssentialUserCreation@5b218417]" name="makePayment" class="newAccount.VerifyMonthlyEssentialUserCreation"/>
        <method signature="VerifyMonthlyEssentialUserCreation.verifyMonthlyEssentialUserCreation()[pri:1, instance:newAccount.VerifyMonthlyEssentialUserCreation@5b218417]" name="verifyMonthlyEssentialUserCreation" class="newAccount.VerifyMonthlyEssentialUserCreation"/>
        <method signature="VerifyMonthlyPremiumUserCreation.makePayment()[pri:2, instance:newAccount.VerifyMonthlyPremiumUserCreation@6caf0677]" name="makePayment" class="newAccount.VerifyMonthlyPremiumUserCreation"/>
        <method signature="VerifyMonthlyPremiumUserCreation.verifyMonthlyPremiumUserCreation()[pri:1, instance:newAccount.VerifyMonthlyPremiumUserCreation@6caf0677]" name="verifyMonthlyPremiumUserCreation" class="newAccount.VerifyMonthlyPremiumUserCreation"/>
        <method signature="VerifyPlanPage.planPage()[pri:0, instance:newAccount.VerifyPlanPage@cc43f62]" name="planPage" class="newAccount.VerifyPlanPage"/>
        <method signature="VerifySearchResult.performSearchAndVerifyResult()[pri:0, instance:searchResult.VerifySearchResult@7ce026d3]" name="performSearchAndVerifyResult" class="searchResult.VerifySearchResult"/>
        <method signature="VerifyAnonymousUserSeeRainmaker.verifyShowPageRainmaker()[pri:0, instance:showsPage.VerifyAnonymousUserSeeRainmaker@247310d0]" name="verifyShowPageRainmaker" class="showsPage.VerifyAnonymousUserSeeRainmaker"/>
        <method signature="VerifyHideRainmaker.verifyHideRainmaker()[pri:0, instance:showsPage.VerifyHideRainmaker@303cf2ba]" name="verifyHideRainmaker" class="showsPage.VerifyHideRainmaker"/>
        <method signature="VerifyKidsCategoryPosition.verifyKidsCategoryPosition()[pri:0, instance:showsPage.VerifyKidsCategoryPosition@7188af83]" name="verifyKidsCategoryPosition" class="showsPage.VerifyKidsCategoryPosition"/>
        <method signature="VerifyNonWatchlistSelectedShow.addShowToMyList()[pri:2, instance:showsPage.VerifyNonWatchlistSelectedShow@6be968ce]" name="addShowToMyList" class="showsPage.VerifyNonWatchlistSelectedShow"/>
        <method signature="VerifyNonWatchlistSelectedShow.verifyNonWatchlistSelectedShow()[pri:1, instance:showsPage.VerifyNonWatchlistSelectedShow@6be968ce]" name="verifyNonWatchlistSelectedShow" class="showsPage.VerifyNonWatchlistSelectedShow"/>
        <method signature="VerifyRegisteredUserSeeRainmaker.clickOnDismissButton()[pri:3, instance:showsPage.VerifyRegisteredUserSeeRainmaker@1033576a]" name="clickOnDismissButton" class="showsPage.VerifyRegisteredUserSeeRainmaker"/>
        <method signature="VerifyRegisteredUserSeeRainmaker.navigateToShowsPage()[pri:1, instance:showsPage.VerifyRegisteredUserSeeRainmaker@1033576a]" name="navigateToShowsPage" class="showsPage.VerifyRegisteredUserSeeRainmaker"/>
        <method signature="VerifyRegisteredUserSeeRainmaker.verifyRainmaker()[pri:2, instance:showsPage.VerifyRegisteredUserSeeRainmaker@1033576a]" name="verifyRainmaker" class="showsPage.VerifyRegisteredUserSeeRainmaker"/>
        <method signature="VerifyRegisteredUserSeeRainmaker.verifyTryItFreeCTA()[pri:4, instance:showsPage.VerifyRegisteredUserSeeRainmaker@1033576a]" name="verifyTryItFreeCTA" class="showsPage.VerifyRegisteredUserSeeRainmaker"/>
        <method signature="VerifyWatchlistSelectedShow.removeShowFromMyList()[pri:2, instance:showsPage.VerifyWatchlistSelectedShow@7c37508a]" name="removeShowFromMyList" class="showsPage.VerifyWatchlistSelectedShow"/>
        <method signature="VerifyWatchlistSelectedShow.verifyWatchlistSelectedShow()[pri:1, instance:showsPage.VerifyWatchlistSelectedShow@7c37508a]" name="verifyWatchlistSelectedShow" class="showsPage.VerifyWatchlistSelectedShow"/>
        <method signature="VerifyNonWatchlistSelectedMovie.verifyNonWatchlistSelectMovie()[pri:1, instance:moviesPage.VerifyNonWatchlistSelectedMovie@73eb439a]" name="verifyNonWatchlistSelectMovie" class="moviesPage.VerifyNonWatchlistSelectedMovie"/>
        <method signature="VerifyWatchlistSelectedMovie.verifyWatchlistSelectedMovie()[pri:1, instance:moviesPage.VerifyWatchlistSelectedMovie@514646ef]" name="verifyWatchlistSelectedMovie" class="moviesPage.VerifyWatchlistSelectedMovie"/>
        <method signature="VerifySignInCTA.signInCTA()[pri:0, instance:upsellPage.VerifySignInCTA@3f4faf53]" name="signInCTA" class="upsellPage.VerifySignInCTA"/>
        <method signature="VerifyStudentsUpsellCopy.verifySudentUpsellCopy()[pri:0, instance:upsellPage.VerifyStudentsUpsellCopy@7fd50002]" name="verifySudentUpsellCopy" class="upsellPage.VerifyStudentsUpsellCopy"/>
        <method signature="VerifyAdultUserProfile.verifyAdultUserProfilePicker()[pri:0, instance:userProfile.VerifyAdultUserProfile@6b695b06]" name="verifyAdultUserProfilePicker" class="userProfile.VerifyAdultUserProfile"/>
        <method signature="VerifyDeleteKidsProfile.deleteKidsUserProfile()[pri:0, instance:userProfile.VerifyDeleteKidsProfile@6f01b95f]" name="deleteKidsUserProfile" class="userProfile.VerifyDeleteKidsProfile"/>
        <method signature="VerifyDeleteNewProfile.deleteNewProfile()[pri:0, instance:userProfile.VerifyDeleteNewProfile@5c80cf32]" name="deleteNewProfile" class="userProfile.VerifyDeleteNewProfile"/>
        <method signature="VerifyKidsUserProfile.verifyKidsUserProfilePicker()[pri:0, instance:userProfile.VerifyKidsUserProfile@4d1bf319]" name="verifyKidsUserProfilePicker" class="userProfile.VerifyKidsUserProfile"/>
        <method signature="VerifyNewProfileShowPicker.newProfileShowPicker()[pri:0, instance:userProfile.VerifyNewProfileShowPicker@6f53b8a]" name="newProfileShowPicker" class="userProfile.VerifyNewProfileShowPicker"/>
        <method signature="VerifyNoShowPickerForKidsProfile.noShowPickerForKidsProfile()[pri:0, instance:userProfile.VerifyNoShowPickerForKidsProfile@7d900ecf]" name="noShowPickerForKidsProfile" class="userProfile.VerifyNoShowPickerForKidsProfile"/>
        <method signature="VerifyProfileNameAndAvatarImg.deleteProfile()[pri:2, instance:userProfile.VerifyProfileNameAndAvatarImg@1a245833]" name="deleteProfile" class="userProfile.VerifyProfileNameAndAvatarImg"/>
        <method signature="VerifyProfileNameAndAvatarImg.verifyNameAndSelectedIconOnShowPicker()[pri:1, instance:userProfile.VerifyProfileNameAndAvatarImg@1a245833]" name="verifyNameAndSelectedIconOnShowPicker" class="userProfile.VerifyProfileNameAndAvatarImg"/>
        <method signature="VerifyProfileNameCappedAt16Chars.deleteProfile()[pri:2, instance:userProfile.VerifyProfileNameCappedAt16Chars@4007f65e]" name="deleteProfile" class="userProfile.VerifyProfileNameCappedAt16Chars"/>
      </group> <!-- Smoke -->
    </groups>
    <test started-at="2023-09-20T23:00:16 IST" name="HomePage" finished-at="2023-09-20T23:17:33 IST" duration-ms="1037309">
      <class name="homePage.VerifyMyListCarouselDisplayed">
        <test-method is-config="true" signature="beforeClass(org.testng.ITestContext,java.lang.String)[pri:0, instance:homePage.VerifyMyListCarouselDisplayed@20140db9]" started-at="2023-09-20T23:09:53 IST" name="beforeClass" finished-at="2023-09-20T23:10:01 IST" duration-ms="8023" status="PASS">
          <params>
            <param index="0">
              <value>
                <![CDATA[org.testng.TestRunner@3b0f98c6]]>
              </value>
            </param>
            <param index="1">
              <value>
                <![CDATA[chrome]]>
              </value>
            </param>
          </params>
          <reporter-output>
          </reporter-output>
        </test-method> <!-- beforeClass -->
        <test-method signature="verifyMyListCarouselIsDisplayed()[pri:0, instance:homePage.VerifyMyListCarouselDisplayed@20140db9]" started-at="2023-09-20T23:10:01 IST" name="verifyMyListCarouselIsDisplayed" description="C1534304-At_least_1_show/movie_is_selected_for_watchlist" finished-at="2023-09-20T23:16:40 IST" duration-ms="399054" status="PASS">
          <reporter-output>
            <line>
              <![CDATA[Test started- verifyMyListCarouselIsDisplayed]]>
            </line>
            <line>
              <![CDATA[Test completed successfully- verifyMyListCarouselIsDisplayed]]>
            </line>
          </reporter-output>
        </test-method> <!-- verifyMyListCarouselIsDisplayed -->
        <test-method is-config="true" signature="afterMethod(java.lang.reflect.Method,org.testng.ITestResult)[pri:0, instance:homePage.VerifyMyListCarouselDisplayed@20140db9]" started-at="2023-09-20T23:16:40 IST" name="afterMethod" finished-at="2023-09-20T23:16:40 IST" duration-ms="0" status="PASS">
          <params>
            <param index="0">
              <value>
                <![CDATA[public void homePage.VerifyMyListCarouselDisplayed.verifyMyListCarouselIsDisplayed() throws java.lang.Exception]]>
              </value>
            </param>
            <param index="1">
              <value>
                <![CDATA[[TestResult name=verifyMyListCarouselIsDisplayed status=SUCCESS method=VerifyMyListCarouselDisplayed.verifyMyListCarouselIsDisplayed()[pri:0, instance:homePage.VerifyMyListCarouselDisplayed@20140db9] output=Test started- verifyMyListCarouselIsDisplayed]]]>
              </value>
            </param>
          </params>
          <reporter-output>
          </reporter-output>
        </test-method> <!-- afterMethod -->
        <test-method is-config="true" signature="afterClass()[pri:0, instance:homePage.VerifyMyListCarouselDisplayed@20140db9]" started-at="2023-09-20T23:16:40 IST" name="afterClass" finished-at="2023-09-20T23:16:41 IST" duration-ms="375" status="PASS">
          <reporter-output>
          </reporter-output>
        </test-method> <!-- afterClass -->
      </class> <!-- homePage.VerifyMyListCarouselDisplayed -->
      <class name="homePage.VerifyNewBadge">
        <test-method is-config="true" signature="beforeClass(org.testng.ITestContext,java.lang.String)[pri:0, instance:homePage.VerifyNewBadge@1c7696c6]" started-at="2023-09-20T23:05:18 IST" name="beforeClass" finished-at="2023-09-20T23:05:26 IST" duration-ms="8056" status="PASS">
          <params>
            <param index="0">
              <value>
                <![CDATA[org.testng.TestRunner@3b0f98c6]]>
              </value>
            </param>
            <param index="1">
              <value>
                <![CDATA[chrome]]>
              </value>
            </param>
          </params>
          <reporter-output>
          </reporter-output>
        </test-method> <!-- beforeClass -->
        <test-method signature="verifyNewBadge()[pri:0, instance:homePage.VerifyNewBadge@1c7696c6]" started-at="2023-09-20T23:05:26 IST" name="verifyNewBadge" description="C2402827- Verify_that_the_new_content_has_content_badges_with_ &quot;new&quot; _text_on_it" finished-at="2023-09-20T23:07:12 IST" duration-ms="106672" status="PASS">
          <reporter-output>
            <line>
              <![CDATA[Test started- verifyNewBadge]]>
            </line>
            <line>
              <![CDATA[Test completed successfully- verifyNewBadge]]>
            </line>
          </reporter-output>
        </test-method> <!-- verifyNewBadge -->
        <test-method is-config="true" signature="afterMethod(java.lang.reflect.Method,org.testng.ITestResult)[pri:0, instance:homePage.VerifyNewBadge@1c7696c6]" started-at="2023-09-20T23:07:12 IST" name="afterMethod" finished-at="2023-09-20T23:07:12 IST" duration-ms="0" status="PASS">
          <params>
            <param index="0">
              <value>
                <![CDATA[public void homePage.VerifyNewBadge.verifyNewBadge() throws java.io.IOException,java.lang.InterruptedException]]>
              </value>
            </param>
            <param index="1">
              <value>
                <![CDATA[[TestResult name=verifyNewBadge status=SUCCESS method=VerifyNewBadge.verifyNewBadge()[pri:0, instance:homePage.VerifyNewBadge@1c7696c6] output=Test started- verifyNewBadge]]]>
              </value>
            </param>
          </params>
          <reporter-output>
          </reporter-output>
        </test-method> <!-- afterMethod -->
        <test-method is-config="true" signature="afterClass()[pri:0, instance:homePage.VerifyNewBadge@1c7696c6]" started-at="2023-09-20T23:07:12 IST" name="afterClass" finished-at="2023-09-20T23:07:13 IST" duration-ms="317" status="PASS">
          <reporter-output>
          </reporter-output>
        </test-method> <!-- afterClass -->
      </class> <!-- homePage.VerifyNewBadge -->
      <class name="homePage.VerifyMyListCarouselNotDisplayed">
        <test-method is-config="true" signature="beforeClass(org.testng.ITestContext,java.lang.String)[pri:0, instance:homePage.VerifyMyListCarouselNotDisplayed@60099951]" started-at="2023-09-20T23:07:13 IST" name="beforeClass" finished-at="2023-09-20T23:07:21 IST" duration-ms="8886" status="PASS">
          <params>
            <param index="0">
              <value>
                <![CDATA[org.testng.TestRunner@3b0f98c6]]>
              </value>
            </param>
            <param index="1">
              <value>
                <![CDATA[chrome]]>
              </value>
            </param>
          </params>
          <reporter-output>
          </reporter-output>
        </test-method> <!-- beforeClass -->
        <test-method signature="verifyNoMyListCarousel()[pri:0, instance:homePage.VerifyMyListCarouselNotDisplayed@60099951]" started-at="2023-09-20T23:07:21 IST" name="verifyNoMyListCarousel" description="C1533531-If_no_shows/movies_were_added_to_Watchlist" finished-at="2023-09-20T23:09:53 IST" duration-ms="151504" status="PASS">
          <reporter-output>
            <line>
              <![CDATA[Test started- verifyNoMyListCarousel]]>
            </line>
            <line>
              <![CDATA[Test completed successfully- verifyNoMyListCarousel]]>
            </line>
          </reporter-output>
        </test-method> <!-- verifyNoMyListCarousel -->
        <test-method is-config="true" signature="afterMethod(java.lang.reflect.Method,org.testng.ITestResult)[pri:0, instance:homePage.VerifyMyListCarouselNotDisplayed@60099951]" started-at="2023-09-20T23:09:53 IST" name="afterMethod" finished-at="2023-09-20T23:09:53 IST" duration-ms="0" status="PASS">
          <params>
            <param index="0">
              <value>
                <![CDATA[public void homePage.VerifyMyListCarouselNotDisplayed.verifyNoMyListCarousel() throws java.lang.Exception]]>
              </value>
            </param>
            <param index="1">
              <value>
                <![CDATA[[TestResult name=verifyNoMyListCarousel status=SUCCESS method=VerifyMyListCarouselNotDisplayed.verifyNoMyListCarousel()[pri:0, instance:homePage.VerifyMyListCarouselNotDisplayed@60099951] output=Test started- verifyNoMyListCarousel]]]>
              </value>
            </param>
          </params>
          <reporter-output>
          </reporter-output>
        </test-method> <!-- afterMethod -->
        <test-method is-config="true" signature="afterClass()[pri:0, instance:homePage.VerifyMyListCarouselNotDisplayed@60099951]" started-at="2023-09-20T23:09:53 IST" name="afterClass" finished-at="2023-09-20T23:09:53 IST" duration-ms="373" status="PASS">
          <reporter-output>
          </reporter-output>
        </test-method> <!-- afterClass -->
      </class> <!-- homePage.VerifyMyListCarouselNotDisplayed -->
      <class name="homePage.VerifyKeepWatchingCarousel">
        <test-method is-config="true" signature="beforeClass(org.testng.ITestContext,java.lang.String)[pri:0, instance:homePage.VerifyKeepWatchingCarousel@6c1a5b54]" started-at="2023-09-20T23:03:42 IST" name="beforeClass" finished-at="2023-09-20T23:03:50 IST" duration-ms="8075" status="PASS">
          <params>
            <param index="0">
              <value>
                <![CDATA[org.testng.TestRunner@3b0f98c6]]>
              </value>
            </param>
            <param index="1">
              <value>
                <![CDATA[chrome]]>
              </value>
            </param>
          </params>
          <reporter-output>
          </reporter-output>
        </test-method> <!-- beforeClass -->
        <test-method signature="keepWatchingCarouserl()[pri:0, instance:homePage.VerifyKeepWatchingCarousel@6c1a5b54]" started-at="2023-09-20T23:03:50 IST" name="keepWatchingCarouserl" description="C1860892-User_Navigates_to_Show_Detail_Page" finished-at="2023-09-20T23:05:17 IST" duration-ms="86918" status="PASS">
          <reporter-output>
            <line>
              <![CDATA[Test started- keepWatchingCarouserl]]>
            </line>
            <line>
              <![CDATA[Test completed successfully- keepWatchingCarouserl]]>
            </line>
          </reporter-output>
        </test-method> <!-- keepWatchingCarouserl -->
        <test-method is-config="true" signature="afterClass()[pri:0, instance:homePage.VerifyKeepWatchingCarousel@6c1a5b54]" started-at="2023-09-20T23:05:17 IST" name="afterClass" finished-at="2023-09-20T23:05:18 IST" duration-ms="318" status="PASS">
          <reporter-output>
          </reporter-output>
        </test-method> <!-- afterClass -->
        <test-method is-config="true" signature="afterMethod(java.lang.reflect.Method,org.testng.ITestResult)[pri:0, instance:homePage.VerifyKeepWatchingCarousel@6c1a5b54]" started-at="2023-09-20T23:05:17 IST" name="afterMethod" finished-at="2023-09-20T23:05:17 IST" duration-ms="0" status="PASS">
          <params>
            <param index="0">
              <value>
                <![CDATA[public void homePage.VerifyKeepWatchingCarousel.keepWatchingCarouserl() throws java.io.IOException,java.lang.InterruptedException]]>
              </value>
            </param>
            <param index="1">
              <value>
                <![CDATA[[TestResult name=keepWatchingCarouserl status=SUCCESS method=VerifyKeepWatchingCarousel.keepWatchingCarouserl()[pri:0, instance:homePage.VerifyKeepWatchingCarousel@6c1a5b54] output=Test started- keepWatchingCarouserl]]]>
              </value>
            </param>
          </params>
          <reporter-output>
          </reporter-output>
        </test-method> <!-- afterMethod -->
      </class> <!-- homePage.VerifyKeepWatchingCarousel -->
      <class name="homePage.VerifyJustAddedBadge">
        <test-method is-config="true" signature="beforeClass(org.testng.ITestContext,java.lang.String)[pri:0, instance:homePage.VerifyJustAddedBadge@6574a52c]" started-at="2023-09-20T23:01:57 IST" name="beforeClass" finished-at="2023-09-20T23:02:05 IST" duration-ms="8066" status="PASS">
          <params>
            <param index="0">
              <value>
                <![CDATA[org.testng.TestRunner@3b0f98c6]]>
              </value>
            </param>
            <param index="1">
              <value>
                <![CDATA[chrome]]>
              </value>
            </param>
          </params>
          <reporter-output>
          </reporter-output>
        </test-method> <!-- beforeClass -->
        <test-method signature="verifyJustAddedBadge()[pri:0, instance:homePage.VerifyJustAddedBadge@6574a52c]" started-at="2023-09-20T23:02:05 IST" name="verifyJustAddedBadge" description="C2402828- Verify_that_New_Movie_and_New_Series_has_updated_ &quot;Just Added&quot; _text_to_it" finished-at="2023-09-20T23:03:42 IST" duration-ms="96960" status="PASS">
          <reporter-output>
            <line>
              <![CDATA[Test started- verifyJustAddedBadge]]>
            </line>
            <line>
              <![CDATA[Test completed successfully- verifyJustAddedBadge]]>
            </line>
          </reporter-output>
        </test-method> <!-- verifyJustAddedBadge -->
        <test-method is-config="true" signature="afterMethod(java.lang.reflect.Method,org.testng.ITestResult)[pri:0, instance:homePage.VerifyJustAddedBadge@6574a52c]" started-at="2023-09-20T23:03:42 IST" name="afterMethod" finished-at="2023-09-20T23:03:42 IST" duration-ms="0" status="PASS">
          <params>
            <param index="0">
              <value>
                <![CDATA[public void homePage.VerifyJustAddedBadge.verifyJustAddedBadge() throws java.io.IOException,java.lang.InterruptedException]]>
              </value>
            </param>
            <param index="1">
              <value>
                <![CDATA[[TestResult name=verifyJustAddedBadge status=SUCCESS method=VerifyJustAddedBadge.verifyJustAddedBadge()[pri:0, instance:homePage.VerifyJustAddedBadge@6574a52c] output=Test started- verifyJustAddedBadge]]]>
              </value>
            </param>
          </params>
          <reporter-output>
          </reporter-output>
        </test-method> <!-- afterMethod -->
        <test-method is-config="true" signature="afterClass()[pri:0, instance:homePage.VerifyJustAddedBadge@6574a52c]" started-at="2023-09-20T23:03:42 IST" name="afterClass" finished-at="2023-09-20T23:03:42 IST" duration-ms="376" status="PASS">
          <reporter-output>
          </reporter-output>
        </test-method> <!-- afterClass -->
      </class> <!-- homePage.VerifyJustAddedBadge -->
      <class name="homePage.VerifyFooterParamountLogo">
        <test-method is-config="true" signature="beforeClass(org.testng.ITestContext,java.lang.String)[pri:0, instance:homePage.VerifyFooterParamountLogo@38cee291]" started-at="2023-09-20T23:00:16 IST" name="beforeClass" finished-at="2023-09-20T23:00:27 IST" duration-ms="11164" status="PASS">
          <params>
            <param index="0">
              <value>
                <![CDATA[org.testng.TestRunner@3b0f98c6]]>
              </value>
            </param>
            <param index="1">
              <value>
                <![CDATA[chrome]]>
              </value>
            </param>
          </params>
          <reporter-output>
          </reporter-output>
        </test-method> <!-- beforeClass -->
        <test-method signature="verifyFooterLogo()[pri:0, instance:homePage.VerifyFooterParamountLogo@38cee291]" started-at="2023-09-20T23:00:27 IST" name="verifyFooterLogo" description="C1693084-Header_disappears_and_P+_logo_appears_on_the_navigation_bar" finished-at="2023-09-20T23:01:05 IST" duration-ms="38373" status="PASS">
          <reporter-output>
            <line>
              <![CDATA[Test started- verifyFooterLogo]]>
            </line>
            <line>
              <![CDATA[Test completed successfully- verifyFooterLogo]]>
            </line>
          </reporter-output>
        </test-method> <!-- verifyFooterLogo -->
        <test-method is-config="true" signature="afterMethod(java.lang.reflect.Method,org.testng.ITestResult)[pri:0, instance:homePage.VerifyFooterParamountLogo@38cee291]" started-at="2023-09-20T23:01:05 IST" name="afterMethod" finished-at="2023-09-20T23:01:05 IST" duration-ms="3" status="PASS">
          <params>
            <param index="0">
              <value>
                <![CDATA[public void homePage.VerifyFooterParamountLogo.verifyFooterLogo() throws java.io.IOException,java.lang.InterruptedException]]>
              </value>
            </param>
            <param index="1">
              <value>
                <![CDATA[[TestResult name=verifyFooterLogo status=SUCCESS method=VerifyFooterParamountLogo.verifyFooterLogo()[pri:0, instance:homePage.VerifyFooterParamountLogo@38cee291] output=Test started- verifyFooterLogo]]]>
              </value>
            </param>
          </params>
          <reporter-output>
          </reporter-output>
        </test-method> <!-- afterMethod -->
        <test-method is-config="true" signature="afterClass()[pri:0, instance:homePage.VerifyFooterParamountLogo@38cee291]" started-at="2023-09-20T23:01:05 IST" name="afterClass" finished-at="2023-09-20T23:01:06 IST" duration-ms="308" status="PASS">
          <reporter-output>
          </reporter-output>
        </test-method> <!-- afterClass -->
      </class> <!-- homePage.VerifyFooterParamountLogo -->
      <class name="homePage.VerifyGoAddFreeCTA">
        <test-method is-config="true" signature="beforeClass(org.testng.ITestContext,java.lang.String)[pri:0, instance:homePage.VerifyGoAddFreeCTA@1a6d8329]" started-at="2023-09-20T23:16:41 IST" name="beforeClass" finished-at="2023-09-20T23:16:49 IST" duration-ms="8555" status="PASS">
          <params>
            <param index="0">
              <value>
                <![CDATA[org.testng.TestRunner@3b0f98c6]]>
              </value>
            </param>
            <param index="1">
              <value>
                <![CDATA[chrome]]>
              </value>
            </param>
          </params>
          <reporter-output>
          </reporter-output>
        </test-method> <!-- beforeClass -->
        <test-method signature="verifyGoCommercialFreeCTA()[pri:0, instance:homePage.VerifyGoAddFreeCTA@1a6d8329]" started-at="2023-09-20T23:16:49 IST" name="verifyGoCommercialFreeCTA" description="C1543391-Click_the_Go_Commercial_Free_button_&amp;_Verify_Switch_Plan_Page" finished-at="2023-09-20T23:17:33 IST" duration-ms="43452" status="PASS">
          <reporter-output>
            <line>
              <![CDATA[Test started- verifyGoCommercialFreeCTA]]>
            </line>
            <line>
              <![CDATA[Test completed successfully- verifyGoCommercialFreeCTA]]>
            </line>
          </reporter-output>
        </test-method> <!-- verifyGoCommercialFreeCTA -->
        <test-method is-config="true" signature="afterMethod(java.lang.reflect.Method,org.testng.ITestResult)[pri:0, instance:homePage.VerifyGoAddFreeCTA@1a6d8329]" started-at="2023-09-20T23:17:33 IST" name="afterMethod" finished-at="2023-09-20T23:17:33 IST" duration-ms="1" status="PASS">
          <params>
            <param index="0">
              <value>
                <![CDATA[public void homePage.VerifyGoAddFreeCTA.verifyGoCommercialFreeCTA() throws java.lang.Exception]]>
              </value>
            </param>
            <param index="1">
              <value>
                <![CDATA[[TestResult name=verifyGoCommercialFreeCTA status=SUCCESS method=VerifyGoAddFreeCTA.verifyGoCommercialFreeCTA()[pri:0, instance:homePage.VerifyGoAddFreeCTA@1a6d8329] output=Test started- verifyGoCommercialFreeCTA]]]>
              </value>
            </param>
          </params>
          <reporter-output>
          </reporter-output>
        </test-method> <!-- afterMethod -->
        <test-method is-config="true" signature="afterClass()[pri:0, instance:homePage.VerifyGoAddFreeCTA@1a6d8329]" started-at="2023-09-20T23:17:33 IST" name="afterClass" finished-at="2023-09-20T23:17:33 IST" duration-ms="296" status="PASS">
          <reporter-output>
          </reporter-output>
        </test-method> <!-- afterClass -->
      </class> <!-- homePage.VerifyGoAddFreeCTA -->
      <class name="homePage.VerifyHomePage">
        <test-method is-config="true" signature="beforeClass(org.testng.ITestContext,java.lang.String)[pri:0, instance:homePage.VerifyHomePage@1ffaf86]" started-at="2023-09-20T23:01:06 IST" name="beforeClass" finished-at="2023-09-20T23:01:14 IST" duration-ms="8037" status="PASS">
          <params>
            <param index="0">
              <value>
                <![CDATA[org.testng.TestRunner@3b0f98c6]]>
              </value>
            </param>
            <param index="1">
              <value>
                <![CDATA[chrome]]>
              </value>
            </param>
          </params>
          <reporter-output>
          </reporter-output>
        </test-method> <!-- beforeClass -->
        <test-method signature="homePage()[pri:0, instance:homePage.VerifyHomePage@1ffaf86]" started-at="2023-09-20T23:01:14 IST" name="homePage" description="C1595116-Navigate_to_Homepage" finished-at="2023-09-20T23:01:57 IST" duration-ms="42863" status="PASS">
          <reporter-output>
            <line>
              <![CDATA[Test started- homePage]]>
            </line>
            <line>
              <![CDATA[Test completed successfully- homePage]]>
            </line>
          </reporter-output>
        </test-method> <!-- homePage -->
        <test-method is-config="true" signature="afterClass()[pri:0, instance:homePage.VerifyHomePage@1ffaf86]" started-at="2023-09-20T23:01:57 IST" name="afterClass" finished-at="2023-09-20T23:01:57 IST" duration-ms="243" status="PASS">
          <reporter-output>
          </reporter-output>
        </test-method> <!-- afterClass -->
        <test-method is-config="true" signature="afterMethod(java.lang.reflect.Method,org.testng.ITestResult)[pri:0, instance:homePage.VerifyHomePage@1ffaf86]" started-at="2023-09-20T23:01:57 IST" name="afterMethod" finished-at="2023-09-20T23:01:57 IST" duration-ms="0" status="PASS">
          <params>
            <param index="0">
              <value>
                <![CDATA[public void homePage.VerifyHomePage.homePage() throws java.io.IOException]]>
              </value>
            </param>
            <param index="1">
              <value>
                <![CDATA[[TestResult name=homePage status=SUCCESS method=VerifyHomePage.homePage()[pri:0, instance:homePage.VerifyHomePage@1ffaf86] output=Test started- homePage]]]>
              </value>
            </param>
          </params>
          <reporter-output>
          </reporter-output>
        </test-method> <!-- afterMethod -->
      </class> <!-- homePage.VerifyHomePage -->
    </test> <!-- HomePage -->
    <test started-at="2023-09-20T23:17:33 IST" name="MyListPage" finished-at="2023-09-20T23:22:50 IST" duration-ms="317064">
      <class name="myListPage.VerifyRecentAdditionToMyList">
        <test-method is-config="true" signature="beforeClass(org.testng.ITestContext,java.lang.String)[pri:0, instance:myListPage.VerifyRecentAdditionToMyList@548d708a]" started-at="2023-09-20T23:20:53 IST" name="beforeClass" finished-at="2023-09-20T23:21:01 IST" duration-ms="8265" status="PASS">
          <params>
            <param index="0">
              <value>
                <![CDATA[org.testng.TestRunner@2a63cd84]]>
              </value>
            </param>
            <param index="1">
              <value>
                <![CDATA[chrome]]>
              </value>
            </param>
          </params>
          <reporter-output>
          </reporter-output>
        </test-method> <!-- beforeClass -->
        <test-method signature="verifyRecentAdditionToMylist()[pri:0, instance:myListPage.VerifyRecentAdditionToMyList@548d708a]" started-at="2023-09-20T23:21:01 IST" name="verifyRecentAdditionToMylist" description="C2187966- Verify_recently_added_shows/Movies_show_first_under_My_List" finished-at="2023-09-20T23:22:50 IST" duration-ms="108244" status="FAIL">
          <exception class="org.openqa.selenium.NoSuchElementException">
            <message>
              <![CDATA[no such element: Unable to locate element: {"method":"css selector","selector":"#watchlistCta"}
  (Session info: chrome=116.0.5845.188)
For documentation on this error, please visit: https://www.selenium.dev/documentation/webdriver/troubleshooting/errors#no-such-element-exception
Build info: version: '4.11.0', revision: '040bc5406b'
System info: os.name: 'Windows 11', os.arch: 'amd64', os.version: '10.0', java.version: '17.0.6'
Driver info: org.openqa.selenium.chrome.ChromeDriver
Command: [149f3e8e0316b61655f4217b828de70d, findElement {using=css selector, value=#watchlistCta}]
Capabilities {acceptInsecureCerts: false, browserName: chrome, browserVersion: 116.0.5845.188, chrome: {chromedriverVersion: 116.0.5845.96 (1a3918166880..., userDataDir: C:\Users\RAHULR~1.360\AppDa...}, fedcm:accounts: true, goog:chromeOptions: {debuggerAddress: localhost:58538}, networkConnectionEnabled: false, pageLoadStrategy: normal, platformName: windows, proxy: Proxy(), se:cdp: ws://localhost:58538/devtoo..., se:cdpVersion: 116.0.5845.188, setWindowRect: true, strictFileInteractability: false, timeouts: {implicit: 0, pageLoad: 300000, script: 30000}, unhandledPromptBehavior: dismiss and notify, webauthn:extension:credBlob: true, webauthn:extension:largeBlob: true, webauthn:extension:minPinLength: true, webauthn:extension:prf: true, webauthn:virtualAuthenticators: true}
Session ID: 149f3e8e0316b61655f4217b828de70d]]>
            </message>
            <full-stacktrace>
              <![CDATA[org.openqa.selenium.NoSuchElementException: no such element: Unable to locate element: {"method":"css selector","selector":"#watchlistCta"}
  (Session info: chrome=116.0.5845.188)
For documentation on this error, please visit: https://www.selenium.dev/documentation/webdriver/troubleshooting/errors#no-such-element-exception
Build info: version: '4.11.0', revision: '040bc5406b'
System info: os.name: 'Windows 11', os.arch: 'amd64', os.version: '10.0', java.version: '17.0.6'
Driver info: org.openqa.selenium.chrome.ChromeDriver
Command: [149f3e8e0316b61655f4217b828de70d, findElement {using=css selector, value=#watchlistCta}]
Capabilities {acceptInsecureCerts: false, browserName: chrome, browserVersion: 116.0.5845.188, chrome: {chromedriverVersion: 116.0.5845.96 (1a3918166880..., userDataDir: C:\Users\RAHULR~1.360\AppDa...}, fedcm:accounts: true, goog:chromeOptions: {debuggerAddress: localhost:58538}, networkConnectionEnabled: false, pageLoadStrategy: normal, platformName: windows, proxy: Proxy(), se:cdp: ws://localhost:58538/devtoo..., se:cdpVersion: 116.0.5845.188, setWindowRect: true, strictFileInteractability: false, timeouts: {implicit: 0, pageLoad: 300000, script: 30000}, unhandledPromptBehavior: dismiss and notify, webauthn:extension:credBlob: true, webauthn:extension:largeBlob: true, webauthn:extension:minPinLength: true, webauthn:extension:prf: true, webauthn:virtualAuthenticators: true}
Session ID: 149f3e8e0316b61655f4217b828de70d
at java.base/jdk.internal.reflect.NativeConstructorAccessorImpl.newInstance0(Native Method)
at java.base/jdk.internal.reflect.NativeConstructorAccessorImpl.newInstance(NativeConstructorAccessorImpl.java:77)
at java.base/jdk.internal.reflect.DelegatingConstructorAccessorImpl.newInstance(DelegatingConstructorAccessorImpl.java:45)
at java.base/java.lang.reflect.Constructor.newInstanceWithCaller(Constructor.java:499)
at java.base/java.lang.reflect.Constructor.newInstance(Constructor.java:480)
at org.openqa.selenium.remote.codec.w3c.W3CHttpResponseCodec.createException(W3CHttpResponseCodec.java:200)
at org.openqa.selenium.remote.codec.w3c.W3CHttpResponseCodec.decode(W3CHttpResponseCodec.java:133)
at org.openqa.selenium.remote.codec.w3c.W3CHttpResponseCodec.decode(W3CHttpResponseCodec.java:52)
at org.openqa.selenium.remote.HttpCommandExecutor.execute(HttpCommandExecutor.java:191)
at org.openqa.selenium.remote.service.DriverCommandExecutor.invokeExecute(DriverCommandExecutor.java:196)
at org.openqa.selenium.remote.service.DriverCommandExecutor.execute(DriverCommandExecutor.java:171)
at org.openqa.selenium.remote.RemoteWebDriver.execute(RemoteWebDriver.java:518)
at org.openqa.selenium.remote.ElementLocation$ElementFinder$2.findElement(ElementLocation.java:165)
at org.openqa.selenium.remote.ElementLocation.findElement(ElementLocation.java:59)
at org.openqa.selenium.remote.RemoteWebDriver.findElement(RemoteWebDriver.java:355)
at org.openqa.selenium.remote.RemoteWebDriver.findElement(RemoteWebDriver.java:349)
at org.openqa.selenium.support.pagefactory.DefaultElementLocator.findElement(DefaultElementLocator.java:68)
at org.openqa.selenium.support.pagefactory.internal.LocatingElementHandler.invoke(LocatingElementHandler.java:38)
at jdk.proxy2/jdk.proxy2.$Proxy34.click(Unknown Source)
at myListPage.VerifyRecentAdditionToMyList.verifyRecentAdditionToMylist(VerifyRecentAdditionToMyList.java:43)
at java.base/jdk.internal.reflect.NativeMethodAccessorImpl.invoke0(Native Method)
at java.base/jdk.internal.reflect.NativeMethodAccessorImpl.invoke(NativeMethodAccessorImpl.java:77)
at java.base/jdk.internal.reflect.DelegatingMethodAccessorImpl.invoke(DelegatingMethodAccessorImpl.java:43)
at java.base/java.lang.reflect.Method.invoke(Method.java:568)
at org.testng.internal.MethodInvocationHelper.invokeMethod(MethodInvocationHelper.java:133)
at org.testng.internal.TestInvoker.invokeMethod(TestInvoker.java:598)
at org.testng.internal.TestInvoker.invokeTestMethod(TestInvoker.java:173)
at org.testng.internal.MethodRunner.runInSequence(MethodRunner.java:46)
at org.testng.internal.TestInvoker$MethodInvocationAgent.invoke(TestInvoker.java:824)
at org.testng.internal.TestInvoker.invokeTestMethods(TestInvoker.java:146)
at org.testng.internal.TestMethodWorker.invokeTestMethods(TestMethodWorker.java:146)
at org.testng.internal.TestMethodWorker.run(TestMethodWorker.java:128)
at java.base/java.util.ArrayList.forEach(ArrayList.java:1511)
at org.testng.TestRunner.privateRun(TestRunner.java:794)
at org.testng.TestRunner.run(TestRunner.java:596)
at org.testng.SuiteRunner.runTest(SuiteRunner.java:377)
at org.testng.SuiteRunner.runSequentially(SuiteRunner.java:371)
at org.testng.SuiteRunner.privateRun(SuiteRunner.java:332)
at org.testng.SuiteRunner.run(SuiteRunner.java:276)
at org.testng.SuiteRunnerWorker.runSuite(SuiteRunnerWorker.java:53)
at org.testng.SuiteRunnerWorker.run(SuiteRunnerWorker.java:96)
at org.testng.TestNG.runSuitesSequentially(TestNG.java:1212)
at org.testng.TestNG.runSuitesLocally(TestNG.java:1134)
at org.testng.TestNG.runSuites(TestNG.java:1063)
at org.testng.TestNG.run(TestNG.java:1031)
at org.testng.remote.AbstractRemoteTestNG.run(AbstractRemoteTestNG.java:115)
at org.testng.remote.RemoteTestNG.initAndRun(RemoteTestNG.java:251)
at org.testng.remote.RemoteTestNG.main(RemoteTestNG.java:77)
]]>
            </full-stacktrace>
          </exception> <!-- org.openqa.selenium.NoSuchElementException -->
          <reporter-output>
            <line>
              <![CDATA[Test started- verifyRecentAdditionToMylist]]>
            </line>
            <line>
              <![CDATA[Test failed- verifyRecentAdditionToMylist]]>
            </line>
          </reporter-output>
        </test-method> <!-- verifyRecentAdditionToMylist -->
        <test-method is-config="true" signature="afterMethod(java.lang.reflect.Method,org.testng.ITestResult)[pri:0, instance:myListPage.VerifyRecentAdditionToMyList@548d708a]" started-at="2023-09-20T23:22:50 IST" name="afterMethod" finished-at="2023-09-20T23:22:50 IST" duration-ms="96" status="PASS">
          <params>
            <param index="0">
              <value>
                <![CDATA[public void myListPage.VerifyRecentAdditionToMyList.verifyRecentAdditionToMylist() throws java.io.IOException]]>
              </value>
            </param>
            <param index="1">
              <value>
                <![CDATA[[TestResult name=verifyRecentAdditionToMylist status=FAILURE method=VerifyRecentAdditionToMyList.verifyRecentAdditionToMylist()[pri:0, instance:myListPage.VerifyRecentAdditionToMyList@548d708a] output=Test started- verifyRecentAdditionToMylist]]]>
              </value>
            </param>
          </params>
          <reporter-output>
            <line>
              <![CDATA[Screenshot saved successfully]]>
            </line>
          </reporter-output>
        </test-method> <!-- afterMethod -->
        <test-method is-config="true" signature="afterClass()[pri:0, instance:myListPage.VerifyRecentAdditionToMyList@548d708a]" started-at="2023-09-20T23:22:50 IST" name="afterClass" finished-at="2023-09-20T23:22:50 IST" duration-ms="283" status="PASS">
          <reporter-output>
          </reporter-output>
        </test-method> <!-- afterClass -->
      </class> <!-- myListPage.VerifyRecentAdditionToMyList -->
      <class name="myListPage.VerifyEditMyListContent">
        <test-method is-config="true" signature="beforeClass(org.testng.ITestContext,java.lang.String)[pri:0, instance:myListPage.VerifyEditMyListContent@4be29ed9]" started-at="2023-09-20T23:19:15 IST" name="beforeClass" finished-at="2023-09-20T23:19:23 IST" duration-ms="8484" status="PASS">
          <params>
            <param index="0">
              <value>
                <![CDATA[org.testng.TestRunner@2a63cd84]]>
              </value>
            </param>
            <param index="1">
              <value>
                <![CDATA[chrome]]>
              </value>
            </param>
          </params>
          <reporter-output>
          </reporter-output>
        </test-method> <!-- beforeClass -->
        <test-method signature="editMyList()[pri:1, instance:myListPage.VerifyEditMyListContent@4be29ed9]" started-at="2023-09-20T23:19:23 IST" name="editMyList" description="C2197010- User_can_edit_content_tile_on_My_list_by_selecting_edit_option" finished-at="2023-09-20T23:20:53 IST" duration-ms="89720" status="FAIL">
          <exception class="org.openqa.selenium.NoSuchElementException">
            <message>
              <![CDATA[no such element: Unable to locate element: {"method":"xpath","selector":"//div[@class='watch-list-edit-carousel']"}
  (Session info: chrome=116.0.5845.188)
For documentation on this error, please visit: https://www.selenium.dev/documentation/webdriver/troubleshooting/errors#no-such-element-exception
Build info: version: '4.11.0', revision: '040bc5406b'
System info: os.name: 'Windows 11', os.arch: 'amd64', os.version: '10.0', java.version: '17.0.6'
Driver info: org.openqa.selenium.chrome.ChromeDriver
Command: [63f3545f186dfb705877e8f8a41bbd23, findElement {using=xpath, value=//div[@class='watch-list-edit-carousel']}]
Capabilities {acceptInsecureCerts: false, browserName: chrome, browserVersion: 116.0.5845.188, chrome: {chromedriverVersion: 116.0.5845.96 (1a3918166880..., userDataDir: C:\Users\RAHULR~1.360\AppDa...}, fedcm:accounts: true, goog:chromeOptions: {debuggerAddress: localhost:54773}, networkConnectionEnabled: false, pageLoadStrategy: normal, platformName: windows, proxy: Proxy(), se:cdp: ws://localhost:54773/devtoo..., se:cdpVersion: 116.0.5845.188, setWindowRect: true, strictFileInteractability: false, timeouts: {implicit: 0, pageLoad: 300000, script: 30000}, unhandledPromptBehavior: dismiss and notify, webauthn:extension:credBlob: true, webauthn:extension:largeBlob: true, webauthn:extension:minPinLength: true, webauthn:extension:prf: true, webauthn:virtualAuthenticators: true}
Session ID: 63f3545f186dfb705877e8f8a41bbd23]]>
            </message>
            <full-stacktrace>
              <![CDATA[org.openqa.selenium.NoSuchElementException: no such element: Unable to locate element: {"method":"xpath","selector":"//div[@class='watch-list-edit-carousel']"}
  (Session info: chrome=116.0.5845.188)
For documentation on this error, please visit: https://www.selenium.dev/documentation/webdriver/troubleshooting/errors#no-such-element-exception
Build info: version: '4.11.0', revision: '040bc5406b'
System info: os.name: 'Windows 11', os.arch: 'amd64', os.version: '10.0', java.version: '17.0.6'
Driver info: org.openqa.selenium.chrome.ChromeDriver
Command: [63f3545f186dfb705877e8f8a41bbd23, findElement {using=xpath, value=//div[@class='watch-list-edit-carousel']}]
Capabilities {acceptInsecureCerts: false, browserName: chrome, browserVersion: 116.0.5845.188, chrome: {chromedriverVersion: 116.0.5845.96 (1a3918166880..., userDataDir: C:\Users\RAHULR~1.360\AppDa...}, fedcm:accounts: true, goog:chromeOptions: {debuggerAddress: localhost:54773}, networkConnectionEnabled: false, pageLoadStrategy: normal, platformName: windows, proxy: Proxy(), se:cdp: ws://localhost:54773/devtoo..., se:cdpVersion: 116.0.5845.188, setWindowRect: true, strictFileInteractability: false, timeouts: {implicit: 0, pageLoad: 300000, script: 30000}, unhandledPromptBehavior: dismiss and notify, webauthn:extension:credBlob: true, webauthn:extension:largeBlob: true, webauthn:extension:minPinLength: true, webauthn:extension:prf: true, webauthn:virtualAuthenticators: true}
Session ID: 63f3545f186dfb705877e8f8a41bbd23
at java.base/jdk.internal.reflect.NativeConstructorAccessorImpl.newInstance0(Native Method)
at java.base/jdk.internal.reflect.NativeConstructorAccessorImpl.newInstance(NativeConstructorAccessorImpl.java:77)
at java.base/jdk.internal.reflect.DelegatingConstructorAccessorImpl.newInstance(DelegatingConstructorAccessorImpl.java:45)
at java.base/java.lang.reflect.Constructor.newInstanceWithCaller(Constructor.java:499)
at java.base/java.lang.reflect.Constructor.newInstance(Constructor.java:480)
at org.openqa.selenium.remote.codec.w3c.W3CHttpResponseCodec.createException(W3CHttpResponseCodec.java:200)
at org.openqa.selenium.remote.codec.w3c.W3CHttpResponseCodec.decode(W3CHttpResponseCodec.java:133)
at org.openqa.selenium.remote.codec.w3c.W3CHttpResponseCodec.decode(W3CHttpResponseCodec.java:52)
at org.openqa.selenium.remote.HttpCommandExecutor.execute(HttpCommandExecutor.java:191)
at org.openqa.selenium.remote.service.DriverCommandExecutor.invokeExecute(DriverCommandExecutor.java:196)
at org.openqa.selenium.remote.service.DriverCommandExecutor.execute(DriverCommandExecutor.java:171)
at org.openqa.selenium.remote.RemoteWebDriver.execute(RemoteWebDriver.java:518)
at org.openqa.selenium.remote.ElementLocation$ElementFinder$2.findElement(ElementLocation.java:165)
at org.openqa.selenium.remote.ElementLocation.findElement(ElementLocation.java:59)
at org.openqa.selenium.remote.RemoteWebDriver.findElement(RemoteWebDriver.java:355)
at org.openqa.selenium.remote.RemoteWebDriver.findElement(RemoteWebDriver.java:349)
at org.openqa.selenium.support.pagefactory.DefaultElementLocator.findElement(DefaultElementLocator.java:68)
at org.openqa.selenium.support.pagefactory.internal.LocatingElementHandler.invoke(LocatingElementHandler.java:38)
at jdk.proxy2/jdk.proxy2.$Proxy34.click(Unknown Source)
at com.paramountplus.objectRepository.MyListPage.clickOnEditButton(MyListPage.java:78)
at myListPage.VerifyEditMyListContent.editMyList(VerifyEditMyListContent.java:36)
at java.base/jdk.internal.reflect.NativeMethodAccessorImpl.invoke0(Native Method)
at java.base/jdk.internal.reflect.NativeMethodAccessorImpl.invoke(NativeMethodAccessorImpl.java:77)
at java.base/jdk.internal.reflect.DelegatingMethodAccessorImpl.invoke(DelegatingMethodAccessorImpl.java:43)
at java.base/java.lang.reflect.Method.invoke(Method.java:568)
at org.testng.internal.MethodInvocationHelper.invokeMethod(MethodInvocationHelper.java:133)
at org.testng.internal.TestInvoker.invokeMethod(TestInvoker.java:598)
at org.testng.internal.TestInvoker.invokeTestMethod(TestInvoker.java:173)
at org.testng.internal.MethodRunner.runInSequence(MethodRunner.java:46)
at org.testng.internal.TestInvoker$MethodInvocationAgent.invoke(TestInvoker.java:824)
at org.testng.internal.TestInvoker.invokeTestMethods(TestInvoker.java:146)
at org.testng.internal.TestMethodWorker.invokeTestMethods(TestMethodWorker.java:146)
at org.testng.internal.TestMethodWorker.run(TestMethodWorker.java:128)
at java.base/java.util.ArrayList.forEach(ArrayList.java:1511)
at org.testng.TestRunner.privateRun(TestRunner.java:794)
at org.testng.TestRunner.run(TestRunner.java:596)
at org.testng.SuiteRunner.runTest(SuiteRunner.java:377)
at org.testng.SuiteRunner.runSequentially(SuiteRunner.java:371)
at org.testng.SuiteRunner.privateRun(SuiteRunner.java:332)
at org.testng.SuiteRunner.run(SuiteRunner.java:276)
at org.testng.SuiteRunnerWorker.runSuite(SuiteRunnerWorker.java:53)
at org.testng.SuiteRunnerWorker.run(SuiteRunnerWorker.java:96)
at org.testng.TestNG.runSuitesSequentially(TestNG.java:1212)
at org.testng.TestNG.runSuitesLocally(TestNG.java:1134)
at org.testng.TestNG.runSuites(TestNG.java:1063)
at org.testng.TestNG.run(TestNG.java:1031)
at org.testng.remote.AbstractRemoteTestNG.run(AbstractRemoteTestNG.java:115)
at org.testng.remote.RemoteTestNG.initAndRun(RemoteTestNG.java:251)
at org.testng.remote.RemoteTestNG.main(RemoteTestNG.java:77)
]]>
            </full-stacktrace>
          </exception> <!-- org.openqa.selenium.NoSuchElementException -->
          <reporter-output>
            <line>
              <![CDATA[Test started- editMyList]]>
            </line>
            <line>
              <![CDATA[Test failed- editMyList]]>
            </line>
          </reporter-output>
        </test-method> <!-- editMyList -->
        <test-method is-config="true" signature="afterMethod(java.lang.reflect.Method,org.testng.ITestResult)[pri:0, instance:myListPage.VerifyEditMyListContent@4be29ed9]" started-at="2023-09-20T23:20:53 IST" name="afterMethod" finished-at="2023-09-20T23:20:53 IST" duration-ms="96" status="PASS">
          <params>
            <param index="0">
              <value>
                <![CDATA[public void myListPage.VerifyEditMyListContent.editMyList() throws java.io.IOException,java.lang.InterruptedException]]>
              </value>
            </param>
            <param index="1">
              <value>
                <![CDATA[[TestResult name=editMyList status=FAILURE method=VerifyEditMyListContent.editMyList()[pri:1, instance:myListPage.VerifyEditMyListContent@4be29ed9] output=Test started- editMyList]]]>
              </value>
            </param>
          </params>
          <reporter-output>
            <line>
              <![CDATA[Screenshot saved successfully]]>
            </line>
          </reporter-output>
        </test-method> <!-- afterMethod -->
        <test-method signature="verifyEmptyMyList()[pri:2, instance:myListPage.VerifyEditMyListContent@4be29ed9]" started-at="2023-09-20T23:20:53 IST" name="verifyEmptyMyList" description="C2197009- Empty_My_list_Page_has_no_content_tile_selected" finished-at="2023-09-20T23:20:53 IST" duration-ms="30" status="PASS">
          <reporter-output>
            <line>
              <![CDATA[Test started- verifyEmptyMyList]]>
            </line>
            <line>
              <![CDATA[Test completed successfully- verifyEmptyMyList]]>
            </line>
          </reporter-output>
        </test-method> <!-- verifyEmptyMyList -->
        <test-method is-config="true" signature="afterMethod(java.lang.reflect.Method,org.testng.ITestResult)[pri:0, instance:myListPage.VerifyEditMyListContent@4be29ed9]" started-at="2023-09-20T23:20:53 IST" name="afterMethod" finished-at="2023-09-20T23:20:53 IST" duration-ms="0" status="PASS">
          <params>
            <param index="0">
              <value>
                <![CDATA[public void myListPage.VerifyEditMyListContent.verifyEmptyMyList()]]>
              </value>
            </param>
            <param index="1">
              <value>
                <![CDATA[[TestResult name=verifyEmptyMyList status=SUCCESS method=VerifyEditMyListContent.verifyEmptyMyList()[pri:2, instance:myListPage.VerifyEditMyListContent@4be29ed9] output=Test started- verifyEmptyMyList]]]>
              </value>
            </param>
          </params>
          <reporter-output>
          </reporter-output>
        </test-method> <!-- afterMethod -->
        <test-method is-config="true" signature="afterClass()[pri:0, instance:myListPage.VerifyEditMyListContent@4be29ed9]" started-at="2023-09-20T23:20:53 IST" name="afterClass" finished-at="2023-09-20T23:20:53 IST" duration-ms="268" status="PASS">
          <reporter-output>
          </reporter-output>
        </test-method> <!-- afterClass -->
      </class> <!-- myListPage.VerifyEditMyListContent -->
      <class name="myListPage.VerifyMyListShowsSelectedContent">
        <test-method is-config="true" signature="beforeClass(org.testng.ITestContext,java.lang.String)[pri:0, instance:myListPage.VerifyMyListShowsSelectedContent@3a7442c7]" started-at="2023-09-20T23:17:33 IST" name="beforeClass" finished-at="2023-09-20T23:17:41 IST" duration-ms="7657" status="PASS">
          <params>
            <param index="0">
              <value>
                <![CDATA[org.testng.TestRunner@2a63cd84]]>
              </value>
            </param>
            <param index="1">
              <value>
                <![CDATA[chrome]]>
              </value>
            </param>
          </params>
          <reporter-output>
          </reporter-output>
        </test-method> <!-- beforeClass -->
        <test-method signature="VerifySelectedContentOnMyList()[pri:0, instance:myListPage.VerifyMyListShowsSelectedContent@3a7442c7]" started-at="2023-09-20T23:17:41 IST" name="VerifySelectedContentOnMyList" description="C2197007-Verify_that_user_My_list_page_has_selected_content_tile" finished-at="2023-09-20T23:19:14 IST" duration-ms="93172" status="FAIL">
          <exception class="org.openqa.selenium.json.JsonException">
            <message>
              <![CDATA[java.lang.reflect.InvocationTargetException
Build info: version: '4.11.0', revision: '040bc5406b'
System info: os.name: 'Windows 11', os.arch: 'amd64', os.version: '10.0', java.version: '17.0.6'
Driver info: org.openqa.selenium.chrome.ChromeDriver
Command: [a13eaab5207f120111eb03d19bc40fca, actions {actions=[org.openqa.selenium.interactions.Sequence@3605ab16]}]
Capabilities {acceptInsecureCerts: false, browserName: chrome, browserVersion: 116.0.5845.188, chrome: {chromedriverVersion: 116.0.5845.96 (1a3918166880..., userDataDir: C:\Users\RAHULR~1.360\AppDa...}, fedcm:accounts: true, goog:chromeOptions: {debuggerAddress: localhost:64154}, networkConnectionEnabled: false, pageLoadStrategy: normal, platformName: windows, proxy: Proxy(), se:cdp: ws://localhost:64154/devtoo..., se:cdpVersion: 116.0.5845.188, setWindowRect: true, strictFileInteractability: false, timeouts: {implicit: 0, pageLoad: 300000, script: 30000}, unhandledPromptBehavior: dismiss and notify, webauthn:extension:credBlob: true, webauthn:extension:largeBlob: true, webauthn:extension:minPinLength: true, webauthn:extension:prf: true, webauthn:virtualAuthenticators: true}
Session ID: a13eaab5207f120111eb03d19bc40fca]]>
            </message>
            <full-stacktrace>
              <![CDATA[org.openqa.selenium.json.JsonException: java.lang.reflect.InvocationTargetException
Build info: version: '4.11.0', revision: '040bc5406b'
System info: os.name: 'Windows 11', os.arch: 'amd64', os.version: '10.0', java.version: '17.0.6'
Driver info: org.openqa.selenium.chrome.ChromeDriver
Command: [a13eaab5207f120111eb03d19bc40fca, actions {actions=[org.openqa.selenium.interactions.Sequence@3605ab16]}]
Capabilities {acceptInsecureCerts: false, browserName: chrome, browserVersion: 116.0.5845.188, chrome: {chromedriverVersion: 116.0.5845.96 (1a3918166880..., userDataDir: C:\Users\RAHULR~1.360\AppDa...}, fedcm:accounts: true, goog:chromeOptions: {debuggerAddress: localhost:64154}, networkConnectionEnabled: false, pageLoadStrategy: normal, platformName: windows, proxy: Proxy(), se:cdp: ws://localhost:64154/devtoo..., se:cdpVersion: 116.0.5845.188, setWindowRect: true, strictFileInteractability: false, timeouts: {implicit: 0, pageLoad: 300000, script: 30000}, unhandledPromptBehavior: dismiss and notify, webauthn:extension:credBlob: true, webauthn:extension:largeBlob: true, webauthn:extension:minPinLength: true, webauthn:extension:prf: true, webauthn:virtualAuthenticators: true}
Session ID: a13eaab5207f120111eb03d19bc40fca
at org.openqa.selenium.json.JsonOutput.convertUsingMethod(JsonOutput.java:415)
at org.openqa.selenium.json.JsonOutput.lambda$new$16(JsonOutput.java:178)
at org.openqa.selenium.json.JsonOutput.write0(JsonOutput.java:341)
at org.openqa.selenium.json.JsonOutput.lambda$new$22(JsonOutput.java:200)
at java.base/java.util.stream.ForEachOps$ForEachOp$OfRef.accept(ForEachOps.java:183)
at java.base/java.util.stream.ReferencePipeline$2$1.accept(ReferencePipeline.java:179)
at java.base/java.util.Iterator.forEachRemaining(Iterator.java:133)
at java.base/java.util.Spliterators$IteratorSpliterator.forEachRemaining(Spliterators.java:1845)
at java.base/java.util.stream.AbstractPipeline.copyInto(AbstractPipeline.java:509)
at java.base/java.util.stream.AbstractPipeline.wrapAndCopyInto(AbstractPipeline.java:499)
at java.base/java.util.stream.ForEachOps$ForEachOp.evaluateSequential(ForEachOps.java:150)
at java.base/java.util.stream.ForEachOps$ForEachOp$OfRef.evaluateSequential(ForEachOps.java:173)
at java.base/java.util.stream.AbstractPipeline.evaluate(AbstractPipeline.java:234)
at java.base/java.util.stream.ReferencePipeline.forEach(ReferencePipeline.java:596)
at org.openqa.selenium.json.JsonOutput.lambda$new$23(JsonOutput.java:200)
at org.openqa.selenium.json.JsonOutput.write0(JsonOutput.java:341)
at org.openqa.selenium.json.JsonOutput.lambda$new$24(JsonOutput.java:218)
at com.google.common.collect.SingletonImmutableBiMap.forEach(SingletonImmutableBiMap.java:68)
at org.openqa.selenium.json.JsonOutput.lambda$new$25(JsonOutput.java:213)
at org.openqa.selenium.json.JsonOutput.write0(JsonOutput.java:341)
at org.openqa.selenium.json.JsonOutput.write(JsonOutput.java:332)
at org.openqa.selenium.json.Json.toJson(Json.java:47)
at org.openqa.selenium.json.Json.toJson(Json.java:41)
at org.openqa.selenium.remote.codec.AbstractHttpCommandCodec.encode(AbstractHttpCommandCodec.java:273)
at org.openqa.selenium.remote.codec.AbstractHttpCommandCodec.encode(AbstractHttpCommandCodec.java:127)
at org.openqa.selenium.remote.HttpCommandExecutor.execute(HttpCommandExecutor.java:179)
at org.openqa.selenium.remote.service.DriverCommandExecutor.invokeExecute(DriverCommandExecutor.java:196)
at org.openqa.selenium.remote.service.DriverCommandExecutor.execute(DriverCommandExecutor.java:171)
at org.openqa.selenium.remote.RemoteWebDriver.execute(RemoteWebDriver.java:518)
at org.openqa.selenium.remote.RemoteWebDriver.perform(RemoteWebDriver.java:604)
at org.openqa.selenium.interactions.Actions$BuiltAction.perform(Actions.java:605)
at com.paramountplus.genericUtility.WebDriverUtility.mouseHoverOnElement(WebDriverUtility.java:254)
at myListPage.VerifyMyListShowsSelectedContent.VerifySelectedContentOnMyList(VerifyMyListShowsSelectedContent.java:45)
at java.base/jdk.internal.reflect.NativeMethodAccessorImpl.invoke0(Native Method)
at java.base/jdk.internal.reflect.NativeMethodAccessorImpl.invoke(NativeMethodAccessorImpl.java:77)
at java.base/jdk.internal.reflect.DelegatingMethodAccessorImpl.invoke(DelegatingMethodAccessorImpl.java:43)
at java.base/java.lang.reflect.Method.invoke(Method.java:568)
at org.testng.internal.MethodInvocationHelper.invokeMethod(MethodInvocationHelper.java:133)
at org.testng.internal.TestInvoker.invokeMethod(TestInvoker.java:598)
at org.testng.internal.TestInvoker.invokeTestMethod(TestInvoker.java:173)
at org.testng.internal.MethodRunner.runInSequence(MethodRunner.java:46)
at org.testng.internal.TestInvoker$MethodInvocationAgent.invoke(TestInvoker.java:824)
at org.testng.internal.TestInvoker.invokeTestMethods(TestInvoker.java:146)
at org.testng.internal.TestMethodWorker.invokeTestMethods(TestMethodWorker.java:146)
at org.testng.internal.TestMethodWorker.run(TestMethodWorker.java:128)
at java.base/java.util.ArrayList.forEach(ArrayList.java:1511)
at org.testng.TestRunner.privateRun(TestRunner.java:794)
at org.testng.TestRunner.run(TestRunner.java:596)
at org.testng.SuiteRunner.runTest(SuiteRunner.java:377)
at org.testng.SuiteRunner.runSequentially(SuiteRunner.java:371)
at org.testng.SuiteRunner.privateRun(SuiteRunner.java:332)
at org.testng.SuiteRunner.run(SuiteRunner.java:276)
at org.testng.SuiteRunnerWorker.runSuite(SuiteRunnerWorker.java:53)
at org.testng.SuiteRunnerWorker.run(SuiteRunnerWorker.java:96)
at org.testng.TestNG.runSuitesSequentially(TestNG.java:1212)
at org.testng.TestNG.runSuitesLocally(TestNG.java:1134)
at org.testng.TestNG.runSuites(TestNG.java:1063)
at org.testng.TestNG.run(TestNG.java:1031)
at org.testng.remote.AbstractRemoteTestNG.run(AbstractRemoteTestNG.java:115)
at org.testng.remote.RemoteTestNG.initAndRun(RemoteTestNG.java:251)
at org.testng.remote.RemoteTestNG.main(RemoteTestNG.java:77)
Suppressed: org.openqa.selenium.json.JsonException: Attempting to close incomplete json stream
Build info: version: '4.11.0', revision: '040bc5406b'
System info: os.name: 'Windows 11', os.arch: 'amd64', os.version: '10.0', java.version: '17.0.6'
Driver info: driver.version: RemoteWebDriver
at org.openqa.selenium.json.JsonOutput.close(JsonOutput.java:357)
at org.openqa.selenium.json.Json.toJson(Json.java:45)
... 39 more
Caused by: java.lang.reflect.InvocationTargetException
at java.base/jdk.internal.reflect.NativeMethodAccessorImpl.invoke0(Native Method)
at java.base/jdk.internal.reflect.NativeMethodAccessorImpl.invoke(NativeMethodAccessorImpl.java:77)
at java.base/jdk.internal.reflect.DelegatingMethodAccessorImpl.invoke(DelegatingMethodAccessorImpl.java:43)
at java.base/java.lang.reflect.Method.invoke(Method.java:568)
at org.openqa.selenium.json.JsonOutput.convertUsingMethod(JsonOutput.java:411)
... 60 more
Caused by: org.openqa.selenium.NoSuchElementException: no such element: Unable to locate element: {"method":"css selector","selector":"#watchlistCta"}
  (Session info: chrome=116.0.5845.188)
For documentation on this error, please visit: https://www.selenium.dev/documentation/webdriver/troubleshooting/errors#no-such-element-exception
Build info: version: '4.11.0', revision: '040bc5406b'
System info: os.name: 'Windows 11', os.arch: 'amd64', os.version: '10.0', java.version: '17.0.6'
Driver info: org.openqa.selenium.chrome.ChromeDriver
[...]
          <params>
            <param index="0">
              <value>
                <![CDATA[org.testng.TestRunner@6c6664c4]]>
              </value>
            </param>
            <param index="1">
              <value>
                <![CDATA[chrome]]>
              </value>
            </param>
          </params>
          <reporter-output>
          </reporter-output>
        </test-method> <!-- beforeClass -->
        <test-method signature="noShowPickerForKidsProfile()[pri:0, instance:userProfile.VerifyNoShowPickerForKidsProfile@7d900ecf]" started-at="2023-09-20T23:51:40 IST" name="noShowPickerForKidsProfile" description="C1693080 - Kids profile Should not see the show picker" finished-at="2023-09-20T23:53:00 IST" duration-ms="80294" status="PASS">
          <reporter-output>
            <line>
              <![CDATA[Test started- noShowPickerForKidsProfile]]>
            </line>
            <line>
              <![CDATA[Test completed successfully- noShowPickerForKidsProfile]]>
            </line>
          </reporter-output>
        </test-method> <!-- noShowPickerForKidsProfile -->
        <test-method is-config="true" signature="afterMethod(java.lang.reflect.Method,org.testng.ITestResult)[pri:0, instance:userProfile.VerifyNoShowPickerForKidsProfile@7d900ecf]" started-at="2023-09-20T23:53:00 IST" name="afterMethod" finished-at="2023-09-20T23:53:00 IST" duration-ms="1" status="PASS">
          <params>
            <param index="0">
              <value>
                <![CDATA[public void userProfile.VerifyNoShowPickerForKidsProfile.noShowPickerForKidsProfile() throws java.io.IOException,java.lang.InterruptedException]]>
              </value>
            </param>
            <param index="1">
              <value>
                <![CDATA[[TestResult name=noShowPickerForKidsProfile status=SUCCESS method=VerifyNoShowPickerForKidsProfile.noShowPickerForKidsProfile()[pri:0, instance:userProfile.VerifyNoShowPickerForKidsProfile@7d900ecf] output=Test started- noShowPickerForKidsProfile]]]>
              </value>
            </param>
          </params>
          <reporter-output>
          </reporter-output>
        </test-method> <!-- afterMethod -->
        <test-method is-config="true" signature="afterClass()[pri:0, instance:userProfile.VerifyNoShowPickerForKidsProfile@7d900ecf]" started-at="2023-09-20T23:53:00 IST" name="afterClass" finished-at="2023-09-20T23:53:00 IST" duration-ms="188" status="PASS">
          <reporter-output>
          </reporter-output>
        </test-method> <!-- afterClass -->
      </class> <!-- userProfile.VerifyNoShowPickerForKidsProfile -->
      <class name="userProfile.VerifyProfileNameAndAvatarImg">
        <test-method is-config="true" signature="beforeClass(org.testng.ITestContext,java.lang.String)[pri:0, instance:userProfile.VerifyProfileNameAndAvatarImg@1a245833]" started-at="2023-09-20T23:54:54 IST" name="beforeClass" finished-at="2023-09-20T23:55:03 IST" duration-ms="8702" status="PASS">
          <params>
            <param index="0">
              <value>
                <![CDATA[org.testng.TestRunner@6c6664c4]]>
              </value>
            </param>
            <param index="1">
              <value>
                <![CDATA[chrome]]>
              </value>
            </param>
          </params>
          <reporter-output>
          </reporter-output>
        </test-method> <!-- beforeClass -->
        <test-method signature="verifyNameAndSelectedIconOnShowPicker()[pri:1, instance:userProfile.VerifyProfileNameAndAvatarImg@1a245833]" started-at="2023-09-20T23:55:03 IST" name="verifyNameAndSelectedIconOnShowPicker" description="C1693082-Name_and_selected_icon_on_show_picker-New_profile" finished-at="2023-09-20T23:55:49 IST" duration-ms="46092" status="FAIL">
          <exception class="java.lang.NullPointerException">
            <message>
              <![CDATA[Cannot invoke "String.split(String)" because "srcImg1" is null]]>
            </message>
            <full-stacktrace>
              <![CDATA[java.lang.NullPointerException: Cannot invoke "String.split(String)" because "srcImg1" is null
at userProfile.VerifyProfileNameAndAvatarImg.verifyNameAndSelectedIconOnShowPicker(VerifyProfileNameAndAvatarImg.java:47)
at java.base/jdk.internal.reflect.NativeMethodAccessorImpl.invoke0(Native Method)
at java.base/jdk.internal.reflect.NativeMethodAccessorImpl.invoke(NativeMethodAccessorImpl.java:77)
at java.base/jdk.internal.reflect.DelegatingMethodAccessorImpl.invoke(DelegatingMethodAccessorImpl.java:43)
at java.base/java.lang.reflect.Method.invoke(Method.java:568)
at org.testng.internal.MethodInvocationHelper.invokeMethod(MethodInvocationHelper.java:133)
at org.testng.internal.TestInvoker.invokeMethod(TestInvoker.java:598)
at org.testng.internal.TestInvoker.invokeTestMethod(TestInvoker.java:173)
at org.testng.internal.MethodRunner.runInSequence(MethodRunner.java:46)
at org.testng.internal.TestInvoker$MethodInvocationAgent.invoke(TestInvoker.java:824)
at org.testng.internal.TestInvoker.invokeTestMethods(TestInvoker.java:146)
at org.testng.internal.TestMethodWorker.invokeTestMethods(TestMethodWorker.java:146)
at org.testng.internal.TestMethodWorker.run(TestMethodWorker.java:128)
at java.base/java.util.ArrayList.forEach(ArrayList.java:1511)
at org.testng.TestRunner.privateRun(TestRunner.java:794)
at org.testng.TestRunner.run(TestRunner.java:596)
at org.testng.SuiteRunner.runTest(SuiteRunner.java:377)
at org.testng.SuiteRunner.runSequentially(SuiteRunner.java:371)
at org.testng.SuiteRunner.privateRun(SuiteRunner.java:332)
at org.testng.SuiteRunner.run(SuiteRunner.java:276)
at org.testng.SuiteRunnerWorker.runSuite(SuiteRunnerWorker.java:53)
at org.testng.SuiteRunnerWorker.run(SuiteRunnerWorker.java:96)
at org.testng.TestNG.runSuitesSequentially(TestNG.java:1212)
at org.testng.TestNG.runSuitesLocally(TestNG.java:1134)
at org.testng.TestNG.runSuites(TestNG.java:1063)
at org.testng.TestNG.run(TestNG.java:1031)
at org.testng.remote.AbstractRemoteTestNG.run(AbstractRemoteTestNG.java:115)
at org.testng.remote.RemoteTestNG.initAndRun(RemoteTestNG.java:251)
at org.testng.remote.RemoteTestNG.main(RemoteTestNG.java:77)
]]>
            </full-stacktrace>
          </exception> <!-- java.lang.NullPointerException -->
          <reporter-output>
            <line>
              <![CDATA[Test started- verifyNameAndSelectedIconOnShowPicker]]>
            </line>
            <line>
              <![CDATA[Test failed- verifyNameAndSelectedIconOnShowPicker]]>
            </line>
          </reporter-output>
        </test-method> <!-- verifyNameAndSelectedIconOnShowPicker -->
        <test-method is-config="true" signature="afterMethod(java.lang.reflect.Method,org.testng.ITestResult)[pri:0, instance:userProfile.VerifyProfileNameAndAvatarImg@1a245833]" started-at="2023-09-20T23:55:49 IST" name="afterMethod" finished-at="2023-09-20T23:55:49 IST" duration-ms="111" status="PASS">
          <params>
            <param index="0">
              <value>
                <![CDATA[public void userProfile.VerifyProfileNameAndAvatarImg.verifyNameAndSelectedIconOnShowPicker() throws java.lang.Exception]]>
              </value>
            </param>
            <param index="1">
              <value>
                <![CDATA[[TestResult name=verifyNameAndSelectedIconOnShowPicker status=FAILURE method=VerifyProfileNameAndAvatarImg.verifyNameAndSelectedIconOnShowPicker()[pri:1, instance:userProfile.VerifyProfileNameAndAvatarImg@1a245833] output=Test started- verifyNameAndSelectedIconOnShowPicker]]]>
              </value>
            </param>
          </params>
          <reporter-output>
            <line>
              <![CDATA[Screenshot saved successfully]]>
            </line>
          </reporter-output>
        </test-method> <!-- afterMethod -->
        <test-method signature="deleteProfile()[pri:2, instance:userProfile.VerifyProfileNameAndAvatarImg@1a245833]" started-at="2023-09-20T23:55:49 IST" name="deleteProfile" description="Delete created user profile" finished-at="2023-09-20T23:58:49 IST" duration-ms="180013" status="FAIL">
          <exception class="org.openqa.selenium.TimeoutException">
            <message>
              <![CDATA[java.util.concurrent.TimeoutException
Build info: version: '4.11.0', revision: '040bc5406b'
System info: os.name: 'Windows 11', os.arch: 'amd64', os.version: '10.0', java.version: '17.0.6'
Driver info: org.openqa.selenium.chrome.ChromeDriver
Command: [507140aadcc023176e4d8c63bc8e95bf, goBack {}]
Capabilities {acceptInsecureCerts: false, browserName: chrome, browserVersion: 116.0.5845.188, chrome: {chromedriverVersion: 116.0.5845.96 (1a3918166880..., userDataDir: C:\Users\RAHULR~1.360\AppDa...}, fedcm:accounts: true, goog:chromeOptions: {debuggerAddress: localhost:59987}, networkConnectionEnabled: false, pageLoadStrategy: normal, platformName: windows, proxy: Proxy(), se:cdp: ws://localhost:59987/devtoo..., se:cdpVersion: 116.0.5845.188, setWindowRect: true, strictFileInteractability: false, timeouts: {implicit: 0, pageLoad: 300000, script: 30000}, unhandledPromptBehavior: dismiss and notify, webauthn:extension:credBlob: true, webauthn:extension:largeBlob: true, webauthn:extension:minPinLength: true, webauthn:extension:prf: true, webauthn:virtualAuthenticators: true}
Session ID: 507140aadcc023176e4d8c63bc8e95bf]]>
            </message>
            <full-stacktrace>
              <![CDATA[org.openqa.selenium.TimeoutException: java.util.concurrent.TimeoutException
Build info: version: '4.11.0', revision: '040bc5406b'
System info: os.name: 'Windows 11', os.arch: 'amd64', os.version: '10.0', java.version: '17.0.6'
Driver info: org.openqa.selenium.chrome.ChromeDriver
Command: [507140aadcc023176e4d8c63bc8e95bf, goBack {}]
Capabilities {acceptInsecureCerts: false, browserName: chrome, browserVersion: 116.0.5845.188, chrome: {chromedriverVersion: 116.0.5845.96 (1a3918166880..., userDataDir: C:\Users\RAHULR~1.360\AppDa...}, fedcm:accounts: true, goog:chromeOptions: {debuggerAddress: localhost:59987}, networkConnectionEnabled: false, pageLoadStrategy: normal, platformName: windows, proxy: Proxy(), se:cdp: ws://localhost:59987/devtoo..., se:cdpVersion: 116.0.5845.188, setWindowRect: true, strictFileInteractability: false, timeouts: {implicit: 0, pageLoad: 300000, script: 30000}, unhandledPromptBehavior: dismiss and notify, webauthn:extension:credBlob: true, webauthn:extension:largeBlob: true, webauthn:extension:minPinLength: true, webauthn:extension:prf: true, webauthn:virtualAuthenticators: true}
Session ID: 507140aadcc023176e4d8c63bc8e95bf
at org.openqa.selenium.remote.http.jdk.JdkHttpClient.execute0(JdkHttpClient.java:391)
at org.openqa.selenium.remote.http.AddSeleniumUserAgent.lambda$apply$0(AddSeleniumUserAgent.java:42)
at org.openqa.selenium.remote.http.Filter.lambda$andFinally$1(Filter.java:55)
at org.openqa.selenium.remote.http.jdk.JdkHttpClient.execute(JdkHttpClient.java:347)
at org.openqa.selenium.remote.HttpCommandExecutor.execute(HttpCommandExecutor.java:188)
at org.openqa.selenium.remote.service.DriverCommandExecutor.invokeExecute(DriverCommandExecutor.java:196)
at org.openqa.selenium.remote.service.DriverCommandExecutor.execute(DriverCommandExecutor.java:171)
at org.openqa.selenium.remote.RemoteWebDriver.execute(RemoteWebDriver.java:518)
at org.openqa.selenium.remote.RemoteWebDriver.execute(RemoteWebDriver.java:591)
at org.openqa.selenium.remote.RemoteWebDriver.execute(RemoteWebDriver.java:595)
at org.openqa.selenium.remote.RemoteWebDriver$RemoteNavigation.back(RemoteWebDriver.java:997)
at userProfile.VerifyProfileNameAndAvatarImg.deleteProfile(VerifyProfileNameAndAvatarImg.java:72)
at java.base/jdk.internal.reflect.NativeMethodAccessorImpl.invoke0(Native Method)
at java.base/jdk.internal.reflect.NativeMethodAccessorImpl.invoke(NativeMethodAccessorImpl.java:77)
at java.base/jdk.internal.reflect.DelegatingMethodAccessorImpl.invoke(DelegatingMethodAccessorImpl.java:43)
at java.base/java.lang.reflect.Method.invoke(Method.java:568)
at org.testng.internal.MethodInvocationHelper.invokeMethod(MethodInvocationHelper.java:133)
at org.testng.internal.TestInvoker.invokeMethod(TestInvoker.java:598)
at org.testng.internal.TestInvoker.invokeTestMethod(TestInvoker.java:173)
at org.testng.internal.MethodRunner.runInSequence(MethodRunner.java:46)
at org.testng.internal.TestInvoker$MethodInvocationAgent.invoke(TestInvoker.java:824)
at org.testng.internal.TestInvoker.invokeTestMethods(TestInvoker.java:146)
at org.testng.internal.TestMethodWorker.invokeTestMethods(TestMethodWorker.java:146)
at org.testng.internal.TestMethodWorker.run(TestMethodWorker.java:128)
at java.base/java.util.ArrayList.forEach(ArrayList.java:1511)
at org.testng.TestRunner.privateRun(TestRunner.java:794)
at org.testng.TestRunner.run(TestRunner.java:596)
at org.testng.SuiteRunner.runTest(SuiteRunner.java:377)
at org.testng.SuiteRunner.runSequentially(SuiteRunner.java:371)
at org.testng.SuiteRunner.privateRun(SuiteRunner.java:332)
at org.testng.SuiteRunner.run(SuiteRunner.java:276)
at org.testng.SuiteRunnerWorker.runSuite(SuiteRunnerWorker.java:53)
at org.testng.SuiteRunnerWorker.run(SuiteRunnerWorker.java:96)
at org.testng.TestNG.runSuitesSequentially(TestNG.java:1212)
at org.testng.TestNG.runSuitesLocally(TestNG.java:1134)
at org.testng.TestNG.runSuites(TestNG.java:1063)
at org.testng.TestNG.run(TestNG.java:1031)
at org.testng.remote.AbstractRemoteTestNG.run(AbstractRemoteTestNG.java:115)
at org.testng.remote.RemoteTestNG.initAndRun(RemoteTestNG.java:251)
at org.testng.remote.RemoteTestNG.main(RemoteTestNG.java:77)
Caused by: java.util.concurrent.TimeoutException
at java.base/java.util.concurrent.CompletableFuture.timedGet(CompletableFuture.java:1960)
at java.base/java.util.concurrent.CompletableFuture.get(CompletableFuture.java:2095)
at org.openqa.selenium.remote.http.jdk.JdkHttpClient.execute0(JdkHttpClient.java:374)
... 39 more
]]>
            </full-stacktrace>
          </exception> <!-- org.openqa.selenium.TimeoutException -->
          <reporter-output>
            <line>
              <![CDATA[Test started- deleteProfile]]>
            </line>
            <line>
              <![CDATA[Test failed- deleteProfile]]>
            </line>
          </reporter-output>
        </test-method> <!-- deleteProfile -->
        <test-method is-config="true" signature="afterMethod(java.lang.reflect.Method,org.testng.ITestResult)[pri:0, instance:userProfile.VerifyProfileNameAndAvatarImg@1a245833]" started-at="2023-09-21T00:00:50 IST" name="afterMethod" finished-at="2023-09-21T00:00:50 IST" duration-ms="132" status="PASS">
          <params>
            <param index="0">
              <value>
                <![CDATA[public void userProfile.VerifyProfileNameAndAvatarImg.deleteProfile() throws java.lang.Exception]]>
              </value>
            </param>
            <param index="1">
              <value>
                <![CDATA[[TestResult name=deleteProfile status=FAILURE method=VerifyProfileNameAndAvatarImg.deleteProfile()[pri:2, instance:userProfile.VerifyProfileNameAndAvatarImg@1a245833] output=Test started- deleteProfile]]]>
              </value>
            </param>
          </params>
          <reporter-output>
            <line>
              <![CDATA[Screenshot saved successfully]]>
            </line>
          </reporter-output>
        </test-method> <!-- afterMethod -->
        <test-method is-config="true" signature="afterClass()[pri:0, instance:userProfile.VerifyProfileNameAndAvatarImg@1a245833]" started-at="2023-09-21T00:00:50 IST" name="afterClass" finished-at="2023-09-21T00:00:50 IST" duration-ms="240" status="PASS">
          <reporter-output>
          </reporter-output>
        </test-method> <!-- afterClass -->
      </class> <!-- userProfile.VerifyProfileNameAndAvatarImg -->
      <class name="userProfile.VerifyAdultUserProfile">
        <test-method is-config="true" signature="initialiseExtentReports()[pri:0, instance:userProfile.VerifyAdultUserProfile@6b695b06]" started-at="2023-09-20T23:00:15 IST" name="initialiseExtentReports" finished-at="2023-09-20T23:00:16 IST" duration-ms="366" status="PASS">
          <reporter-output>
          </reporter-output>
        </test-method> <!-- initialiseExtentReports -->
        <test-method is-config="true" signature="beforeClass(org.testng.ITestContext,java.lang.String)[pri:0, instance:userProfile.VerifyAdultUserProfile@6b695b06]" started-at="2023-09-20T23:47:40 IST" name="beforeClass" finished-at="2023-09-20T23:47:48 IST" duration-ms="8087" status="PASS">
          <params>
            <param index="0">
              <value>
                <![CDATA[org.testng.TestRunner@6c6664c4]]>
              </value>
            </param>
            <param index="1">
              <value>
                <![CDATA[chrome]]>
              </value>
            </param>
          </params>
          <reporter-output>
          </reporter-output>
        </test-method> <!-- beforeClass -->
        <test-method signature="verifyAdultUserProfilePicker()[pri:0, instance:userProfile.VerifyAdultUserProfile@6b695b06]" started-at="2023-09-20T23:47:48 IST" name="verifyAdultUserProfilePicker" description="C2402830- Verify_adult_user_profile_is_selected" finished-at="2023-09-20T23:48:30 IST" duration-ms="42530" status="PASS">
          <reporter-output>
            <line>
              <![CDATA[Test started- verifyAdultUserProfilePicker]]>
            </line>
            <line>
              <![CDATA[Test completed successfully- verifyAdultUserProfilePicker]]>
            </line>
          </reporter-output>
        </test-method> <!-- verifyAdultUserProfilePicker -->
        <test-method is-config="true" signature="afterMethod(java.lang.reflect.Method,org.testng.ITestResult)[pri:0, instance:userProfile.VerifyAdultUserProfile@6b695b06]" started-at="2023-09-20T23:48:30 IST" name="afterMethod" finished-at="2023-09-20T23:48:30 IST" duration-ms="0" status="PASS">
          <params>
            <param index="0">
              <value>
                <![CDATA[public void userProfile.VerifyAdultUserProfile.verifyAdultUserProfilePicker() throws java.io.IOException,java.lang.InterruptedException]]>
              </value>
            </param>
            <param index="1">
              <value>
                <![CDATA[[TestResult name=verifyAdultUserProfilePicker status=SUCCESS method=VerifyAdultUserProfile.verifyAdultUserProfilePicker()[pri:0, instance:userProfile.VerifyAdultUserProfile@6b695b06] output=Test started- verifyAdultUserProfilePicker]]]>
              </value>
            </param>
          </params>
          <reporter-output>
          </reporter-output>
        </test-method> <!-- afterMethod -->
        <test-method is-config="true" signature="afterClass()[pri:0, instance:userProfile.VerifyAdultUserProfile@6b695b06]" started-at="2023-09-20T23:48:30 IST" name="afterClass" finished-at="2023-09-20T23:48:31 IST" duration-ms="181" status="PASS">
          <reporter-output>
          </reporter-output>
        </test-method> <!-- afterClass -->
        <test-method is-config="true" signature="generateExtentReports()[pri:0, instance:userProfile.VerifyAdultUserProfile@6b695b06]" started-at="2023-09-21T00:00:50 IST" name="generateExtentReports" finished-at="2023-09-21T00:00:50 IST" duration-ms="421" status="PASS">
          <reporter-output>
          </reporter-output>
        </test-method> <!-- generateExtentReports -->
      </class> <!-- userProfile.VerifyAdultUserProfile -->
    </test> <!-- UserProfile -->
  </suite> <!-- AllTest -->
</testng-results>
